{"C:\\Users\\acer\\Desktop\\Exam-Prep-Platform-Backend\\src\\controllers\\authController.js": {"path":"C:\\Users\\acer\\Desktop\\Exam-Prep-Platform-Backend\\src\\controllers\\authController.js","statementMap":{"0":{"start":{"line":1,"column":12},"end":{"line":1,"column":35}},"1":{"start":{"line":2,"column":14},"end":{"line":2,"column":48}},"2":{"start":{"line":3,"column":12},"end":{"line":3,"column":36}},"3":{"start":{"line":4,"column":20},"end":{"line":4,"column":54}},"4":{"start":{"line":5,"column":18},"end":{"line":5,"column":44}},"5":{"start":{"line":8,"column":2},"end":{"line":59,"column":3}},"6":{"start":{"line":9,"column":30},"end":{"line":9,"column":38}},"7":{"start":{"line":10,"column":4},"end":{"line":12,"column":5}},"8":{"start":{"line":11,"column":6},"end":{"line":11,"column":76}},"9":{"start":{"line":15,"column":4},"end":{"line":22,"column":5}},"10":{"start":{"line":16,"column":6},"end":{"line":16,"column":69}},"11":{"start":{"line":18,"column":6},"end":{"line":21,"column":9}},"12":{"start":{"line":24,"column":18},"end":{"line":24,"column":36}},"13":{"start":{"line":25,"column":17},"end":{"line":25,"column":53}},"14":{"start":{"line":26,"column":4},"end":{"line":28,"column":5}},"15":{"start":{"line":27,"column":6},"end":{"line":27,"column":65}},"16":{"start":{"line":30,"column":17},"end":{"line":30,"column":39}},"17":{"start":{"line":31,"column":18},"end":{"line":35,"column":5}},"18":{"start":{"line":37,"column":4},"end":{"line":56,"column":7}},"19":{"start":{"line":58,"column":4},"end":{"line":58,"column":14}},"20":{"start":{"line":63,"column":2},"end":{"line":315,"column":3}},"21":{"start":{"line":64,"column":19},"end":{"line":64,"column":30}},"22":{"start":{"line":65,"column":4},"end":{"line":67,"column":5}},"23":{"start":{"line":66,"column":6},"end":{"line":66,"column":75}},"24":{"start":{"line":70,"column":21},"end":{"line":73,"column":5}},"25":{"start":{"line":74,"column":19},"end":{"line":74,"column":36}},"26":{"start":{"line":77,"column":25},"end":{"line":88,"column":5}},"27":{"start":{"line":89,"column":22},"end":{"line":89,"column":65}},"28":{"start":{"line":92,"column":24},"end":{"line":97,"column":5}},"29":{"start":{"line":98,"column":21},"end":{"line":98,"column":63}},"30":{"start":{"line":101,"column":27},"end":{"line":101,"column":43}},"31":{"start":{"line":104,"column":23},"end":{"line":104,"column":24}},"32":{"start":{"line":105,"column":4},"end":{"line":110,"column":5}},"33":{"start":{"line":106,"column":18},"end":{"line":106,"column":71}},"34":{"start":{"line":106,"column":47},"end":{"line":106,"column":67}},"35":{"start":{"line":107,"column":6},"end":{"line":107,"column":54}},"36":{"start":{"line":108,"column":11},"end":{"line":110,"column":5}},"37":{"start":{"line":109,"column":6},"end":{"line":109,"column":34}},"38":{"start":{"line":113,"column":25},"end":{"line":113,"column":26}},"39":{"start":{"line":114,"column":4},"end":{"line":118,"column":5}},"40":{"start":{"line":115,"column":28},"end":{"line":115,"column":51}},"41":{"start":{"line":116,"column":26},"end":{"line":116,"column":66}},"42":{"start":{"line":117,"column":6},"end":{"line":117,"column":64}},"43":{"start":{"line":121,"column":31},"end":{"line":121,"column":84}},"44":{"start":{"line":121,"column":52},"end":{"line":121,"column":76}},"45":{"start":{"line":124,"column":27},"end":{"line":124,"column":28}},"46":{"start":{"line":127,"column":4},"end":{"line":131,"column":7}},"47":{"start":{"line":128,"column":24},"end":{"line":128,"column":62}},"48":{"start":{"line":129,"column":26},"end":{"line":129,"column":74}},"49":{"start":{"line":130,"column":6},"end":{"line":130,"column":38}},"50":{"start":{"line":134,"column":4},"end":{"line":157,"column":7}},"51":{"start":{"line":135,"column":16},"end":{"line":135,"column":26}},"52":{"start":{"line":136,"column":18},"end":{"line":136,"column":38}},"53":{"start":{"line":137,"column":6},"end":{"line":144,"column":7}},"54":{"start":{"line":138,"column":25},"end":{"line":138,"column":42}},"55":{"start":{"line":139,"column":8},"end":{"line":143,"column":9}},"56":{"start":{"line":140,"column":10},"end":{"line":140,"column":26}},"57":{"start":{"line":142,"column":10},"end":{"line":142,"column":27}},"58":{"start":{"line":145,"column":23},"end":{"line":145,"column":48}},"59":{"start":{"line":146,"column":6},"end":{"line":156,"column":7}},"60":{"start":{"line":147,"column":8},"end":{"line":147,"column":31}},"61":{"start":{"line":148,"column":13},"end":{"line":156,"column":7}},"62":{"start":{"line":149,"column":8},"end":{"line":149,"column":32}},"63":{"start":{"line":150,"column":13},"end":{"line":156,"column":7}},"64":{"start":{"line":151,"column":8},"end":{"line":151,"column":32}},"65":{"start":{"line":152,"column":13},"end":{"line":156,"column":7}},"66":{"start":{"line":153,"column":8},"end":{"line":153,"column":32}},"67":{"start":{"line":155,"column":8},"end":{"line":155,"column":32}},"68":{"start":{"line":160,"column":25},"end":{"line":160,"column":58}},"69":{"start":{"line":161,"column":23},"end":{"line":161,"column":27}},"70":{"start":{"line":162,"column":4},"end":{"line":166,"column":5}},"71":{"start":{"line":163,"column":6},"end":{"line":163,"column":58}},"72":{"start":{"line":164,"column":11},"end":{"line":166,"column":5}},"73":{"start":{"line":165,"column":6},"end":{"line":165,"column":40}},"74":{"start":{"line":169,"column":23},"end":{"line":169,"column":107}},"75":{"start":{"line":170,"column":24},"end":{"line":170,"column":26}},"76":{"start":{"line":171,"column":4},"end":{"line":183,"column":7}},"77":{"start":{"line":172,"column":6},"end":{"line":182,"column":7}},"78":{"start":{"line":173,"column":24},"end":{"line":173,"column":48}},"79":{"start":{"line":174,"column":22},"end":{"line":174,"column":52}},"80":{"start":{"line":175,"column":20},"end":{"line":175,"column":37}},"81":{"start":{"line":176,"column":24},"end":{"line":176,"column":41}},"82":{"start":{"line":177,"column":8},"end":{"line":179,"column":9}},"83":{"start":{"line":178,"column":10},"end":{"line":178,"column":54}},"84":{"start":{"line":180,"column":8},"end":{"line":180,"column":51}},"85":{"start":{"line":181,"column":8},"end":{"line":181,"column":40}},"86":{"start":{"line":185,"column":26},"end":{"line":190,"column":6}},"87":{"start":{"line":186,"column":6},"end":{"line":189,"column":8}},"88":{"start":{"line":193,"column":22},"end":{"line":193,"column":75}},"89":{"start":{"line":194,"column":24},"end":{"line":194,"column":77}},"90":{"start":{"line":196,"column":4},"end":{"line":212,"column":7}},"91":{"start":{"line":197,"column":16},"end":{"line":197,"column":26}},"92":{"start":{"line":198,"column":18},"end":{"line":198,"column":38}},"93":{"start":{"line":199,"column":6},"end":{"line":206,"column":7}},"94":{"start":{"line":200,"column":25},"end":{"line":200,"column":42}},"95":{"start":{"line":201,"column":8},"end":{"line":205,"column":9}},"96":{"start":{"line":202,"column":10},"end":{"line":202,"column":26}},"97":{"start":{"line":204,"column":10},"end":{"line":204,"column":27}},"98":{"start":{"line":208,"column":6},"end":{"line":211,"column":7}},"99":{"start":{"line":209,"column":8},"end":{"line":209,"column":41}},"100":{"start":{"line":210,"column":8},"end":{"line":210,"column":30}},"101":{"start":{"line":214,"column":30},"end":{"line":220,"column":6}},"102":{"start":{"line":215,"column":18},"end":{"line":215,"column":90}},"103":{"start":{"line":216,"column":6},"end":{"line":219,"column":8}},"104":{"start":{"line":223,"column":24},"end":{"line":223,"column":117}},"105":{"start":{"line":224,"column":23},"end":{"line":224,"column":113}},"106":{"start":{"line":225,"column":23},"end":{"line":225,"column":113}},"107":{"start":{"line":226,"column":25},"end":{"line":226,"column":121}},"108":{"start":{"line":228,"column":23},"end":{"line":235,"column":5}},"109":{"start":{"line":238,"column":26},"end":{"line":238,"column":28}},"110":{"start":{"line":239,"column":4},"end":{"line":292,"column":5}},"111":{"start":{"line":240,"column":6},"end":{"line":245,"column":8}},"112":{"start":{"line":247,"column":29},"end":{"line":252,"column":7}},"113":{"start":{"line":254,"column":26},"end":{"line":254,"column":36}},"114":{"start":{"line":255,"column":21},"end":{"line":255,"column":29}},"115":{"start":{"line":256,"column":6},"end":{"line":261,"column":9}},"116":{"start":{"line":257,"column":8},"end":{"line":260,"column":9}},"117":{"start":{"line":258,"column":10},"end":{"line":258,"column":39}},"118":{"start":{"line":259,"column":10},"end":{"line":259,"column":28}},"119":{"start":{"line":263,"column":6},"end":{"line":291,"column":7}},"120":{"start":{"line":264,"column":8},"end":{"line":269,"column":10}},"121":{"start":{"line":270,"column":13},"end":{"line":291,"column":7}},"122":{"start":{"line":271,"column":8},"end":{"line":276,"column":10}},"123":{"start":{"line":277,"column":13},"end":{"line":291,"column":7}},"124":{"start":{"line":278,"column":8},"end":{"line":283,"column":10}},"125":{"start":{"line":285,"column":8},"end":{"line":290,"column":10}},"126":{"start":{"line":294,"column":4},"end":{"line":311,"column":7}},"127":{"start":{"line":314,"column":4},"end":{"line":314,"column":14}},"128":{"start":{"line":319,"column":2},"end":{"line":343,"column":3}},"129":{"start":{"line":320,"column":28},"end":{"line":320,"column":36}},"130":{"start":{"line":321,"column":4},"end":{"line":323,"column":5}},"131":{"start":{"line":322,"column":6},"end":{"line":322,"column":78}},"132":{"start":{"line":325,"column":21},"end":{"line":325,"column":57}},"133":{"start":{"line":326,"column":4},"end":{"line":331,"column":5}},"134":{"start":{"line":327,"column":6},"end":{"line":330,"column":9}},"135":{"start":{"line":333,"column":15},"end":{"line":333,"column":36}},"136":{"start":{"line":334,"column":17},"end":{"line":334,"column":69}},"137":{"start":{"line":336,"column":4},"end":{"line":340,"column":7}},"138":{"start":{"line":342,"column":4},"end":{"line":342,"column":14}},"139":{"start":{"line":347,"column":2},"end":{"line":352,"column":3}},"140":{"start":{"line":348,"column":21},"end":{"line":348,"column":53}},"141":{"start":{"line":349,"column":4},"end":{"line":349,"column":30}},"142":{"start":{"line":351,"column":4},"end":{"line":351,"column":14}},"143":{"start":{"line":356,"column":2},"end":{"line":403,"column":3}},"144":{"start":{"line":357,"column":19},"end":{"line":357,"column":30}},"145":{"start":{"line":358,"column":102},"end":{"line":358,"column":110}},"146":{"start":{"line":360,"column":4},"end":{"line":362,"column":5}},"147":{"start":{"line":361,"column":6},"end":{"line":361,"column":67}},"148":{"start":{"line":364,"column":17},"end":{"line":376,"column":6}},"149":{"start":{"line":378,"column":4},"end":{"line":380,"column":5}},"150":{"start":{"line":379,"column":6},"end":{"line":379,"column":65}},"151":{"start":{"line":382,"column":4},"end":{"line":400,"column":7}},"152":{"start":{"line":402,"column":4},"end":{"line":402,"column":14}},"153":{"start":{"line":406,"column":0},"end":{"line":406,"column":75}}},"fnMap":{"0":{"name":"login","decl":{"start":{"line":7,"column":15},"end":{"line":7,"column":20}},"loc":{"start":{"line":7,"column":37},"end":{"line":60,"column":1}},"line":7},"1":{"name":"dashboard","decl":{"start":{"line":62,"column":15},"end":{"line":62,"column":24}},"loc":{"start":{"line":62,"column":41},"end":{"line":316,"column":1}},"line":62},"2":{"name":"(anonymous_2)","decl":{"start":{"line":106,"column":35},"end":{"line":106,"column":36}},"loc":{"start":{"line":106,"column":47},"end":{"line":106,"column":67}},"line":106},"3":{"name":"(anonymous_3)","decl":{"start":{"line":121,"column":47},"end":{"line":121,"column":48}},"loc":{"start":{"line":121,"column":52},"end":{"line":121,"column":76}},"line":121},"4":{"name":"(anonymous_4)","decl":{"start":{"line":127,"column":21},"end":{"line":127,"column":22}},"loc":{"start":{"line":127,"column":26},"end":{"line":131,"column":5}},"line":127},"5":{"name":"(anonymous_5)","decl":{"start":{"line":134,"column":22},"end":{"line":134,"column":23}},"loc":{"start":{"line":134,"column":27},"end":{"line":157,"column":5}},"line":134},"6":{"name":"(anonymous_6)","decl":{"start":{"line":171,"column":22},"end":{"line":171,"column":23}},"loc":{"start":{"line":171,"column":27},"end":{"line":183,"column":5}},"line":171},"7":{"name":"(anonymous_7)","decl":{"start":{"line":185,"column":55},"end":{"line":185,"column":56}},"loc":{"start":{"line":185,"column":66},"end":{"line":190,"column":5}},"line":185},"8":{"name":"(anonymous_8)","decl":{"start":{"line":196,"column":22},"end":{"line":196,"column":23}},"loc":{"start":{"line":196,"column":27},"end":{"line":212,"column":5}},"line":196},"9":{"name":"(anonymous_9)","decl":{"start":{"line":214,"column":57},"end":{"line":214,"column":58}},"loc":{"start":{"line":214,"column":64},"end":{"line":220,"column":5}},"line":214},"10":{"name":"(anonymous_10)","decl":{"start":{"line":256,"column":42},"end":{"line":256,"column":43}},"loc":{"start":{"line":256,"column":47},"end":{"line":261,"column":7}},"line":256},"11":{"name":"signup","decl":{"start":{"line":318,"column":15},"end":{"line":318,"column":21}},"loc":{"start":{"line":318,"column":38},"end":{"line":344,"column":1}},"line":318},"12":{"name":"listStudents","decl":{"start":{"line":346,"column":15},"end":{"line":346,"column":27}},"loc":{"start":{"line":346,"column":44},"end":{"line":353,"column":1}},"line":346},"13":{"name":"updateProfile","decl":{"start":{"line":355,"column":15},"end":{"line":355,"column":28}},"loc":{"start":{"line":355,"column":45},"end":{"line":404,"column":1}},"line":355}},"branchMap":{"0":{"loc":{"start":{"line":10,"column":4},"end":{"line":12,"column":5}},"type":"if","locations":[{"start":{"line":10,"column":4},"end":{"line":12,"column":5}},{"start":{},"end":{}}],"line":10},"1":{"loc":{"start":{"line":26,"column":4},"end":{"line":28,"column":5}},"type":"if","locations":[{"start":{"line":26,"column":4},"end":{"line":28,"column":5}},{"start":{},"end":{}}],"line":26},"2":{"loc":{"start":{"line":30,"column":17},"end":{"line":30,"column":39}},"type":"binary-expr","locations":[{"start":{"line":30,"column":17},"end":{"line":30,"column":26}},{"start":{"line":30,"column":30},"end":{"line":30,"column":39}}],"line":30},"3":{"loc":{"start":{"line":45,"column":15},"end":{"line":45,"column":31}},"type":"binary-expr","locations":[{"start":{"line":45,"column":15},"end":{"line":45,"column":25}},{"start":{"line":45,"column":29},"end":{"line":45,"column":31}}],"line":45},"4":{"loc":{"start":{"line":46,"column":18},"end":{"line":46,"column":37}},"type":"binary-expr","locations":[{"start":{"line":46,"column":18},"end":{"line":46,"column":31}},{"start":{"line":46,"column":35},"end":{"line":46,"column":37}}],"line":46},"5":{"loc":{"start":{"line":47,"column":21},"end":{"line":47,"column":43}},"type":"binary-expr","locations":[{"start":{"line":47,"column":21},"end":{"line":47,"column":38}},{"start":{"line":47,"column":42},"end":{"line":47,"column":43}}],"line":47},"6":{"loc":{"start":{"line":48,"column":18},"end":{"line":48,"column":38}},"type":"binary-expr","locations":[{"start":{"line":48,"column":18},"end":{"line":48,"column":32}},{"start":{"line":48,"column":36},"end":{"line":48,"column":38}}],"line":48},"7":{"loc":{"start":{"line":49,"column":13},"end":{"line":49,"column":27}},"type":"binary-expr","locations":[{"start":{"line":49,"column":13},"end":{"line":49,"column":21}},{"start":{"line":49,"column":25},"end":{"line":49,"column":27}}],"line":49},"8":{"loc":{"start":{"line":50,"column":16},"end":{"line":50,"column":33}},"type":"binary-expr","locations":[{"start":{"line":50,"column":16},"end":{"line":50,"column":27}},{"start":{"line":50,"column":31},"end":{"line":50,"column":33}}],"line":50},"9":{"loc":{"start":{"line":51,"column":17},"end":{"line":51,"column":35}},"type":"binary-expr","locations":[{"start":{"line":51,"column":17},"end":{"line":51,"column":29}},{"start":{"line":51,"column":33},"end":{"line":51,"column":35}}],"line":51},"10":{"loc":{"start":{"line":52,"column":15},"end":{"line":52,"column":31}},"type":"binary-expr","locations":[{"start":{"line":52,"column":15},"end":{"line":52,"column":25}},{"start":{"line":52,"column":29},"end":{"line":52,"column":31}}],"line":52},"11":{"loc":{"start":{"line":53,"column":14},"end":{"line":53,"column":29}},"type":"binary-expr","locations":[{"start":{"line":53,"column":14},"end":{"line":53,"column":23}},{"start":{"line":53,"column":27},"end":{"line":53,"column":29}}],"line":53},"12":{"loc":{"start":{"line":54,"column":14},"end":{"line":54,"column":33}},"type":"binary-expr","locations":[{"start":{"line":54,"column":14},"end":{"line":54,"column":23}},{"start":{"line":54,"column":27},"end":{"line":54,"column":33}}],"line":54},"13":{"loc":{"start":{"line":65,"column":4},"end":{"line":67,"column":5}},"type":"if","locations":[{"start":{"line":65,"column":4},"end":{"line":67,"column":5}},{"start":{},"end":{}}],"line":65},"14":{"loc":{"start":{"line":74,"column":19},"end":{"line":74,"column":36}},"type":"binary-expr","locations":[{"start":{"line":74,"column":19},"end":{"line":74,"column":30}},{"start":{"line":74,"column":34},"end":{"line":74,"column":36}}],"line":74},"15":{"loc":{"start":{"line":105,"column":4},"end":{"line":110,"column":5}},"type":"if","locations":[{"start":{"line":105,"column":4},"end":{"line":110,"column":5}},{"start":{"line":108,"column":11},"end":{"line":110,"column":5}}],"line":105},"16":{"loc":{"start":{"line":106,"column":54},"end":{"line":106,"column":66}},"type":"binary-expr","locations":[{"start":{"line":106,"column":54},"end":{"line":106,"column":61}},{"start":{"line":106,"column":65},"end":{"line":106,"column":66}}],"line":106},"17":{"loc":{"start":{"line":108,"column":11},"end":{"line":110,"column":5}},"type":"if","locations":[{"start":{"line":108,"column":11},"end":{"line":110,"column":5}},{"start":{},"end":{}}],"line":108},"18":{"loc":{"start":{"line":108,"column":15},"end":{"line":108,"column":66}},"type":"binary-expr","locations":[{"start":{"line":108,"column":15},"end":{"line":108,"column":41}},{"start":{"line":108,"column":45},"end":{"line":108,"column":66}}],"line":108},"19":{"loc":{"start":{"line":114,"column":4},"end":{"line":118,"column":5}},"type":"if","locations":[{"start":{"line":114,"column":4},"end":{"line":118,"column":5}},{"start":{},"end":{}}],"line":114},"20":{"loc":{"start":{"line":115,"column":28},"end":{"line":115,"column":51}},"type":"binary-expr","locations":[{"start":{"line":115,"column":28},"end":{"line":115,"column":46}},{"start":{"line":115,"column":50},"end":{"line":115,"column":51}}],"line":115},"21":{"loc":{"start":{"line":116,"column":26},"end":{"line":116,"column":66}},"type":"binary-expr","locations":[{"start":{"line":116,"column":26},"end":{"line":116,"column":61}},{"start":{"line":116,"column":65},"end":{"line":116,"column":66}}],"line":116},"22":{"loc":{"start":{"line":128,"column":25},"end":{"line":128,"column":56}},"type":"binary-expr","locations":[{"start":{"line":128,"column":25},"end":{"line":128,"column":49}},{"start":{"line":128,"column":53},"end":{"line":128,"column":56}}],"line":128},"23":{"loc":{"start":{"line":129,"column":51},"end":{"line":129,"column":72}},"type":"binary-expr","locations":[{"start":{"line":129,"column":51},"end":{"line":129,"column":67}},{"start":{"line":129,"column":71},"end":{"line":129,"column":72}}],"line":129},"24":{"loc":{"start":{"line":136,"column":18},"end":{"line":136,"column":38}},"type":"binary-expr","locations":[{"start":{"line":136,"column":18},"end":{"line":136,"column":32}},{"start":{"line":136,"column":36},"end":{"line":136,"column":38}}],"line":136},"25":{"loc":{"start":{"line":137,"column":6},"end":{"line":144,"column":7}},"type":"if","locations":[{"start":{"line":137,"column":6},"end":{"line":144,"column":7}},{"start":{},"end":{}}],"line":137},"26":{"loc":{"start":{"line":139,"column":8},"end":{"line":143,"column":9}},"type":"if","locations":[{"start":{"line":139,"column":8},"end":{"line":143,"column":9}},{"start":{"line":141,"column":15},"end":{"line":143,"column":9}}],"line":139},"27":{"loc":{"start":{"line":139,"column":12},"end":{"line":139,"column":80}},"type":"binary-expr","locations":[{"start":{"line":139,"column":12},"end":{"line":139,"column":50}},{"start":{"line":139,"column":54},"end":{"line":139,"column":80}}],"line":139},"28":{"loc":{"start":{"line":145,"column":24},"end":{"line":145,"column":33}},"type":"binary-expr","locations":[{"start":{"line":145,"column":24},"end":{"line":145,"column":27}},{"start":{"line":145,"column":31},"end":{"line":145,"column":33}}],"line":145},"29":{"loc":{"start":{"line":146,"column":6},"end":{"line":156,"column":7}},"type":"if","locations":[{"start":{"line":146,"column":6},"end":{"line":156,"column":7}},{"start":{"line":148,"column":13},"end":{"line":156,"column":7}}],"line":146},"30":{"loc":{"start":{"line":148,"column":13},"end":{"line":156,"column":7}},"type":"if","locations":[{"start":{"line":148,"column":13},"end":{"line":156,"column":7}},{"start":{"line":150,"column":13},"end":{"line":156,"column":7}}],"line":148},"31":{"loc":{"start":{"line":150,"column":13},"end":{"line":156,"column":7}},"type":"if","locations":[{"start":{"line":150,"column":13},"end":{"line":156,"column":7}},{"start":{"line":152,"column":13},"end":{"line":156,"column":7}}],"line":150},"32":{"loc":{"start":{"line":152,"column":13},"end":{"line":156,"column":7}},"type":"if","locations":[{"start":{"line":152,"column":13},"end":{"line":156,"column":7}},{"start":{"line":154,"column":13},"end":{"line":156,"column":7}}],"line":152},"33":{"loc":{"start":{"line":162,"column":4},"end":{"line":166,"column":5}},"type":"if","locations":[{"start":{"line":162,"column":4},"end":{"line":166,"column":5}},{"start":{"line":164,"column":11},"end":{"line":166,"column":5}}],"line":162},"34":{"loc":{"start":{"line":164,"column":11},"end":{"line":166,"column":5}},"type":"if","locations":[{"start":{"line":164,"column":11},"end":{"line":166,"column":5}},{"start":{},"end":{}}],"line":164},"35":{"loc":{"start":{"line":172,"column":6},"end":{"line":182,"column":7}},"type":"if","locations":[{"start":{"line":172,"column":6},"end":{"line":182,"column":7}},{"start":{},"end":{}}],"line":172},"36":{"loc":{"start":{"line":177,"column":8},"end":{"line":179,"column":9}},"type":"if","locations":[{"start":{"line":177,"column":8},"end":{"line":179,"column":9}},{"start":{},"end":{}}],"line":177},"37":{"loc":{"start":{"line":180,"column":37},"end":{"line":180,"column":49}},"type":"binary-expr","locations":[{"start":{"line":180,"column":37},"end":{"line":180,"column":44}},{"start":{"line":180,"column":48},"end":{"line":180,"column":49}}],"line":180},"38":{"loc":{"start":{"line":198,"column":18},"end":{"line":198,"column":38}},"type":"binary-expr","locations":[{"start":{"line":198,"column":18},"end":{"line":198,"column":32}},{"start":{"line":198,"column":36},"end":{"line":198,"column":38}}],"line":198},"39":{"loc":{"start":{"line":199,"column":6},"end":{"line":206,"column":7}},"type":"if","locations":[{"start":{"line":199,"column":6},"end":{"line":206,"column":7}},{"start":{},"end":{}}],"line":199},"40":{"loc":{"start":{"line":201,"column":8},"end":{"line":205,"column":9}},"type":"if","locations":[{"start":{"line":201,"column":8},"end":{"line":205,"column":9}},{"start":{"line":203,"column":15},"end":{"line":205,"column":9}}],"line":201},"41":{"loc":{"start":{"line":201,"column":12},"end":{"line":201,"column":80}},"type":"binary-expr","locations":[{"start":{"line":201,"column":12},"end":{"line":201,"column":50}},{"start":{"line":201,"column":54},"end":{"line":201,"column":80}}],"line":201},"42":{"loc":{"start":{"line":208,"column":6},"end":{"line":211,"column":7}},"type":"if","locations":[{"start":{"line":208,"column":6},"end":{"line":211,"column":7}},{"start":{},"end":{}}],"line":208},"43":{"loc":{"start":{"line":209,"column":27},"end":{"line":209,"column":39}},"type":"binary-expr","locations":[{"start":{"line":209,"column":27},"end":{"line":209,"column":34}},{"start":{"line":209,"column":38},"end":{"line":209,"column":39}}],"line":209},"44":{"loc":{"start":{"line":215,"column":18},"end":{"line":215,"column":90}},"type":"cond-expr","locations":[{"start":{"line":215,"column":41},"end":{"line":215,"column":86}},{"start":{"line":215,"column":89},"end":{"line":215,"column":90}}],"line":215},"45":{"loc":{"start":{"line":223,"column":24},"end":{"line":223,"column":117}},"type":"cond-expr","locations":[{"start":{"line":223,"column":54},"end":{"line":223,"column":113}},{"start":{"line":223,"column":116},"end":{"line":223,"column":117}}],"line":223},"46":{"loc":{"start":{"line":224,"column":23},"end":{"line":224,"column":113}},"type":"cond-expr","locations":[{"start":{"line":224,"column":52},"end":{"line":224,"column":109}},{"start":{"line":224,"column":112},"end":{"line":224,"column":113}}],"line":224},"47":{"loc":{"start":{"line":225,"column":23},"end":{"line":225,"column":113}},"type":"cond-expr","locations":[{"start":{"line":225,"column":52},"end":{"line":225,"column":109}},{"start":{"line":225,"column":112},"end":{"line":225,"column":113}}],"line":225},"48":{"loc":{"start":{"line":226,"column":25},"end":{"line":226,"column":121}},"type":"cond-expr","locations":[{"start":{"line":226,"column":56},"end":{"line":226,"column":117}},{"start":{"line":226,"column":120},"end":{"line":226,"column":121}}],"line":226},"49":{"loc":{"start":{"line":229,"column":39},"end":{"line":229,"column":55}},"type":"binary-expr","locations":[{"start":{"line":229,"column":39},"end":{"line":229,"column":50}},{"start":{"line":229,"column":54},"end":{"line":229,"column":55}}],"line":229},"50":{"loc":{"start":{"line":230,"column":33},"end":{"line":230,"column":68}},"type":"binary-expr","locations":[{"start":{"line":230,"column":33},"end":{"line":230,"column":63}},{"start":{"line":230,"column":67},"end":{"line":230,"column":68}}],"line":230},"51":{"loc":{"start":{"line":231,"column":33},"end":{"line":231,"column":48}},"type":"binary-expr","locations":[{"start":{"line":231,"column":33},"end":{"line":231,"column":43}},{"start":{"line":231,"column":47},"end":{"line":231,"column":48}}],"line":231},"52":{"loc":{"start":{"line":232,"column":36},"end":{"line":232,"column":82}},"type":"binary-expr","locations":[{"start":{"line":232,"column":36},"end":{"line":232,"column":77}},{"start":{"line":232,"column":81},"end":{"line":232,"column":82}}],"line":232},"53":{"loc":{"start":{"line":233,"column":34},"end":{"line":233,"column":68}},"type":"binary-expr","locations":[{"start":{"line":233,"column":34},"end":{"line":233,"column":63}},{"start":{"line":233,"column":67},"end":{"line":233,"column":68}}],"line":233},"54":{"loc":{"start":{"line":234,"column":33},"end":{"line":234,"column":108}},"type":"binary-expr","locations":[{"start":{"line":234,"column":33},"end":{"line":234,"column":103}},{"start":{"line":234,"column":107},"end":{"line":234,"column":108}}],"line":234},"55":{"loc":{"start":{"line":239,"column":4},"end":{"line":292,"column":5}},"type":"if","locations":[{"start":{"line":239,"column":4},"end":{"line":292,"column":5}},{"start":{"line":246,"column":11},"end":{"line":292,"column":5}}],"line":239},"56":{"loc":{"start":{"line":257,"column":8},"end":{"line":260,"column":9}},"type":"if","locations":[{"start":{"line":257,"column":8},"end":{"line":260,"column":9}},{"start":{},"end":{}}],"line":257},"57":{"loc":{"start":{"line":263,"column":6},"end":{"line":291,"column":7}},"type":"if","locations":[{"start":{"line":263,"column":6},"end":{"line":291,"column":7}},{"start":{"line":270,"column":13},"end":{"line":291,"column":7}}],"line":263},"58":{"loc":{"start":{"line":270,"column":13},"end":{"line":291,"column":7}},"type":"if","locations":[{"start":{"line":270,"column":13},"end":{"line":291,"column":7}},{"start":{"line":277,"column":13},"end":{"line":291,"column":7}}],"line":270},"59":{"loc":{"start":{"line":277,"column":13},"end":{"line":291,"column":7}},"type":"if","locations":[{"start":{"line":277,"column":13},"end":{"line":291,"column":7}},{"start":{"line":284,"column":13},"end":{"line":291,"column":7}}],"line":277},"60":{"loc":{"start":{"line":295,"column":19},"end":{"line":295,"column":43}},"type":"binary-expr","locations":[{"start":{"line":295,"column":19},"end":{"line":295,"column":38}},{"start":{"line":295,"column":42},"end":{"line":295,"column":43}}],"line":295},"61":{"loc":{"start":{"line":296,"column":12},"end":{"line":296,"column":33}},"type":"binary-expr","locations":[{"start":{"line":296,"column":12},"end":{"line":296,"column":23}},{"start":{"line":296,"column":27},"end":{"line":296,"column":33}}],"line":296},"62":{"loc":{"start":{"line":308,"column":14},"end":{"line":308,"column":35}},"type":"binary-expr","locations":[{"start":{"line":308,"column":14},"end":{"line":308,"column":25}},{"start":{"line":308,"column":29},"end":{"line":308,"column":35}}],"line":308},"63":{"loc":{"start":{"line":309,"column":21},"end":{"line":309,"column":45}},"type":"binary-expr","locations":[{"start":{"line":309,"column":21},"end":{"line":309,"column":40}},{"start":{"line":309,"column":44},"end":{"line":309,"column":45}}],"line":309},"64":{"loc":{"start":{"line":321,"column":4},"end":{"line":323,"column":5}},"type":"if","locations":[{"start":{"line":321,"column":4},"end":{"line":323,"column":5}},{"start":{},"end":{}}],"line":321},"65":{"loc":{"start":{"line":321,"column":8},"end":{"line":321,"column":23}},"type":"binary-expr","locations":[{"start":{"line":321,"column":8},"end":{"line":321,"column":13}},{"start":{"line":321,"column":17},"end":{"line":321,"column":23}}],"line":321},"66":{"loc":{"start":{"line":326,"column":4},"end":{"line":331,"column":5}},"type":"if","locations":[{"start":{"line":326,"column":4},"end":{"line":331,"column":5}},{"start":{},"end":{}}],"line":326},"67":{"loc":{"start":{"line":360,"column":4},"end":{"line":362,"column":5}},"type":"if","locations":[{"start":{"line":360,"column":4},"end":{"line":362,"column":5}},{"start":{},"end":{}}],"line":360},"68":{"loc":{"start":{"line":378,"column":4},"end":{"line":380,"column":5}},"type":"if","locations":[{"start":{"line":378,"column":4},"end":{"line":380,"column":5}},{"start":{},"end":{}}],"line":378},"69":{"loc":{"start":{"line":389,"column":15},"end":{"line":389,"column":31}},"type":"binary-expr","locations":[{"start":{"line":389,"column":15},"end":{"line":389,"column":25}},{"start":{"line":389,"column":29},"end":{"line":389,"column":31}}],"line":389},"70":{"loc":{"start":{"line":390,"column":18},"end":{"line":390,"column":37}},"type":"binary-expr","locations":[{"start":{"line":390,"column":18},"end":{"line":390,"column":31}},{"start":{"line":390,"column":35},"end":{"line":390,"column":37}}],"line":390},"71":{"loc":{"start":{"line":391,"column":21},"end":{"line":391,"column":43}},"type":"binary-expr","locations":[{"start":{"line":391,"column":21},"end":{"line":391,"column":38}},{"start":{"line":391,"column":42},"end":{"line":391,"column":43}}],"line":391},"72":{"loc":{"start":{"line":392,"column":18},"end":{"line":392,"column":38}},"type":"binary-expr","locations":[{"start":{"line":392,"column":18},"end":{"line":392,"column":32}},{"start":{"line":392,"column":36},"end":{"line":392,"column":38}}],"line":392},"73":{"loc":{"start":{"line":393,"column":13},"end":{"line":393,"column":27}},"type":"binary-expr","locations":[{"start":{"line":393,"column":13},"end":{"line":393,"column":21}},{"start":{"line":393,"column":25},"end":{"line":393,"column":27}}],"line":393},"74":{"loc":{"start":{"line":394,"column":16},"end":{"line":394,"column":33}},"type":"binary-expr","locations":[{"start":{"line":394,"column":16},"end":{"line":394,"column":27}},{"start":{"line":394,"column":31},"end":{"line":394,"column":33}}],"line":394},"75":{"loc":{"start":{"line":395,"column":17},"end":{"line":395,"column":35}},"type":"binary-expr","locations":[{"start":{"line":395,"column":17},"end":{"line":395,"column":29}},{"start":{"line":395,"column":33},"end":{"line":395,"column":35}}],"line":395},"76":{"loc":{"start":{"line":396,"column":15},"end":{"line":396,"column":31}},"type":"binary-expr","locations":[{"start":{"line":396,"column":15},"end":{"line":396,"column":25}},{"start":{"line":396,"column":29},"end":{"line":396,"column":31}}],"line":396},"77":{"loc":{"start":{"line":397,"column":14},"end":{"line":397,"column":29}},"type":"binary-expr","locations":[{"start":{"line":397,"column":14},"end":{"line":397,"column":23}},{"start":{"line":397,"column":27},"end":{"line":397,"column":29}}],"line":397},"78":{"loc":{"start":{"line":398,"column":14},"end":{"line":398,"column":33}},"type":"binary-expr","locations":[{"start":{"line":398,"column":14},"end":{"line":398,"column":23}},{"start":{"line":398,"column":27},"end":{"line":398,"column":33}}],"line":398}},"s":{"0":3,"1":3,"2":3,"3":3,"4":3,"5":6,"6":6,"7":6,"8":1,"9":5,"10":5,"11":1,"12":4,"13":4,"14":3,"15":1,"16":2,"17":2,"18":2,"19":1,"20":12,"21":12,"22":12,"23":1,"24":11,"25":10,"26":10,"27":10,"28":10,"29":10,"30":10,"31":10,"32":10,"33":6,"34":62,"35":6,"36":4,"37":1,"38":10,"39":10,"40":6,"41":6,"42":6,"43":10,"44":4,"45":10,"46":10,"47":4,"48":4,"49":4,"50":10,"51":62,"52":62,"53":62,"54":0,"55":0,"56":0,"57":0,"58":62,"59":62,"60":5,"61":57,"62":50,"63":7,"64":5,"65":2,"66":2,"67":0,"68":10,"69":10,"70":10,"71":3,"72":7,"73":4,"74":10,"75":10,"76":10,"77":62,"78":62,"79":62,"80":62,"81":62,"82":62,"83":12,"84":62,"85":62,"86":10,"87":12,"88":10,"89":10,"90":10,"91":62,"92":62,"93":62,"94":0,"95":0,"96":0,"97":0,"98":62,"99":62,"100":62,"101":10,"102":40,"103":40,"104":10,"105":10,"106":10,"107":10,"108":10,"109":10,"110":10,"111":4,"112":6,"113":6,"114":6,"115":6,"116":24,"117":9,"118":9,"119":6,"120":3,"121":3,"122":3,"123":0,"124":0,"125":0,"126":10,"127":1,"128":6,"129":6,"130":6,"131":2,"132":4,"133":3,"134":1,"135":2,"136":2,"137":2,"138":1,"139":0,"140":0,"141":0,"142":0,"143":3,"144":3,"145":3,"146":3,"147":1,"148":2,"149":2,"150":1,"151":1,"152":0,"153":3},"f":{"0":6,"1":12,"2":62,"3":4,"4":4,"5":62,"6":62,"7":12,"8":62,"9":40,"10":24,"11":6,"12":0,"13":3},"b":{"0":[1,5],"1":[1,2],"2":[2,0],"3":[2,2],"4":[2,2],"5":[2,0],"6":[2,2],"7":[2,2],"8":[2,2],"9":[2,2],"10":[2,2],"11":[2,2],"12":[2,0],"13":[1,11],"14":[10,0],"15":[6,4],"16":[62,0],"17":[1,3],"18":[4,1],"19":[6,4],"20":[6,0],"21":[6,0],"22":[4,0],"23":[4,3],"24":[62,3],"25":[0,62],"26":[0,0],"27":[0,0],"28":[62,0],"29":[5,57],"30":[50,7],"31":[5,2],"32":[2,0],"33":[3,7],"34":[4,3],"35":[62,0],"36":[12,50],"37":[62,0],"38":[62,3],"39":[0,62],"40":[0,0],"41":[0,0],"42":[62,0],"43":[62,0],"44":[9,31],"45":[3,7],"46":[1,9],"47":[3,7],"48":[2,8],"49":[10,7],"50":[10,7],"51":[10,9],"52":[10,6],"53":[10,9],"54":[10,4],"55":[4,6],"56":[9,15],"57":[3,3],"58":[3,0],"59":[0,0],"60":[10,7],"61":[10,7],"62":[10,7],"63":[10,7],"64":[2,4],"65":[6,5],"66":[1,2],"67":[1,2],"68":[1,1],"69":[1,0],"70":[1,1],"71":[1,1],"72":[1,1],"73":[1,1],"74":[1,1],"75":[1,1],"76":[1,1],"77":[1,1],"78":[1,0]},"_coverageSchema":"1a1c01bbd47fc00a2c39e90264f33305004495a9","hash":"66737da76c8165a570d13a8dadffb7f13de1a806"}
,"C:\\Users\\acer\\Desktop\\Exam-Prep-Platform-Backend\\src\\controllers\\mockTestController.js": {"path":"C:\\Users\\acer\\Desktop\\Exam-Prep-Platform-Backend\\src\\controllers\\mockTestController.js","statementMap":{"0":{"start":{"line":1,"column":24},"end":{"line":1,"column":62}},"1":{"start":{"line":4,"column":2},"end":{"line":9,"column":3}},"2":{"start":{"line":5,"column":17},"end":{"line":5,"column":54}},"3":{"start":{"line":6,"column":4},"end":{"line":6,"column":26}},"4":{"start":{"line":8,"column":4},"end":{"line":8,"column":14}},"5":{"start":{"line":13,"column":2},"end":{"line":22,"column":3}},"6":{"start":{"line":14,"column":19},"end":{"line":14,"column":29}},"7":{"start":{"line":15,"column":17},"end":{"line":15,"column":58}},"8":{"start":{"line":16,"column":4},"end":{"line":18,"column":5}},"9":{"start":{"line":17,"column":6},"end":{"line":17,"column":70}},"10":{"start":{"line":19,"column":4},"end":{"line":19,"column":26}},"11":{"start":{"line":21,"column":4},"end":{"line":21,"column":14}},"12":{"start":{"line":26,"column":2},"end":{"line":32,"column":3}},"13":{"start":{"line":27,"column":19},"end":{"line":27,"column":29}},"14":{"start":{"line":28,"column":22},"end":{"line":28,"column":71}},"15":{"start":{"line":29,"column":4},"end":{"line":29,"column":31}},"16":{"start":{"line":31,"column":4},"end":{"line":31,"column":14}},"17":{"start":{"line":36,"column":2},"end":{"line":49,"column":3}},"18":{"start":{"line":37,"column":19},"end":{"line":37,"column":30}},"19":{"start":{"line":38,"column":19},"end":{"line":38,"column":29}},"20":{"start":{"line":39,"column":17},"end":{"line":39,"column":71}},"21":{"start":{"line":40,"column":4},"end":{"line":40,"column":38}},"22":{"start":{"line":42,"column":4},"end":{"line":44,"column":5}},"23":{"start":{"line":43,"column":6},"end":{"line":43,"column":70}},"24":{"start":{"line":45,"column":4},"end":{"line":47,"column":5}},"25":{"start":{"line":46,"column":6},"end":{"line":46,"column":93}},"26":{"start":{"line":48,"column":4},"end":{"line":48,"column":14}},"27":{"start":{"line":53,"column":2},"end":{"line":60,"column":3}},"28":{"start":{"line":54,"column":19},"end":{"line":54,"column":30}},"29":{"start":{"line":55,"column":23},"end":{"line":55,"column":32}},"30":{"start":{"line":56,"column":17},"end":{"line":56,"column":75}},"31":{"start":{"line":57,"column":4},"end":{"line":57,"column":26}},"32":{"start":{"line":59,"column":4},"end":{"line":59,"column":14}},"33":{"start":{"line":64,"column":2},"end":{"line":85,"column":3}},"34":{"start":{"line":65,"column":19},"end":{"line":65,"column":30}},"35":{"start":{"line":66,"column":19},"end":{"line":66,"column":29}},"36":{"start":{"line":67,"column":60},"end":{"line":67,"column":68}},"37":{"start":{"line":69,"column":20},"end":{"line":69,"column":68}},"38":{"start":{"line":70,"column":4},"end":{"line":72,"column":5}},"39":{"start":{"line":71,"column":6},"end":{"line":71,"column":78}},"40":{"start":{"line":73,"column":4},"end":{"line":75,"column":5}},"41":{"start":{"line":74,"column":6},"end":{"line":74,"column":106}},"42":{"start":{"line":77,"column":4},"end":{"line":81,"column":7}},"43":{"start":{"line":82,"column":4},"end":{"line":82,"column":64}},"44":{"start":{"line":84,"column":4},"end":{"line":84,"column":14}},"45":{"start":{"line":89,"column":2},"end":{"line":127,"column":3}},"46":{"start":{"line":90,"column":19},"end":{"line":90,"column":30}},"47":{"start":{"line":91,"column":19},"end":{"line":91,"column":29}},"48":{"start":{"line":99,"column":8},"end":{"line":99,"column":16}},"49":{"start":{"line":101,"column":20},"end":{"line":101,"column":68}},"50":{"start":{"line":102,"column":4},"end":{"line":104,"column":5}},"51":{"start":{"line":103,"column":6},"end":{"line":103,"column":78}},"52":{"start":{"line":105,"column":4},"end":{"line":107,"column":5}},"53":{"start":{"line":106,"column":6},"end":{"line":106,"column":100}},"54":{"start":{"line":109,"column":24},"end":{"line":109,"column":36}},"55":{"start":{"line":110,"column":30},"end":{"line":110,"column":76}},"56":{"start":{"line":111,"column":31},"end":{"line":111,"column":79}},"57":{"start":{"line":112,"column":30},"end":{"line":112,"column":76}},"58":{"start":{"line":113,"column":30},"end":{"line":113,"column":76}},"59":{"start":{"line":114,"column":32},"end":{"line":114,"column":82}},"60":{"start":{"line":116,"column":4},"end":{"line":123,"column":7}},"61":{"start":{"line":124,"column":4},"end":{"line":124,"column":77}},"62":{"start":{"line":126,"column":4},"end":{"line":126,"column":14}},"63":{"start":{"line":130,"column":0},"end":{"line":138,"column":2}}},"fnMap":{"0":{"name":"listMockTests","decl":{"start":{"line":3,"column":15},"end":{"line":3,"column":28}},"loc":{"start":{"line":3,"column":45},"end":{"line":10,"column":1}},"line":3},"1":{"name":"getMockTestById","decl":{"start":{"line":12,"column":15},"end":{"line":12,"column":30}},"loc":{"start":{"line":12,"column":47},"end":{"line":23,"column":1}},"line":12},"2":{"name":"getQuestionsForMockTest","decl":{"start":{"line":25,"column":15},"end":{"line":25,"column":38}},"loc":{"start":{"line":25,"column":55},"end":{"line":33,"column":1}},"line":25},"3":{"name":"startMockTestAttempt","decl":{"start":{"line":35,"column":15},"end":{"line":35,"column":35}},"loc":{"start":{"line":35,"column":52},"end":{"line":50,"column":1}},"line":35},"4":{"name":"listMockTestAttempts","decl":{"start":{"line":52,"column":15},"end":{"line":52,"column":35}},"loc":{"start":{"line":52,"column":52},"end":{"line":61,"column":1}},"line":52},"5":{"name":"updateAttemptProgress","decl":{"start":{"line":63,"column":15},"end":{"line":63,"column":36}},"loc":{"start":{"line":63,"column":53},"end":{"line":86,"column":1}},"line":63},"6":{"name":"submitMockTestAttempt","decl":{"start":{"line":88,"column":15},"end":{"line":88,"column":36}},"loc":{"start":{"line":88,"column":53},"end":{"line":128,"column":1}},"line":88}},"branchMap":{"0":{"loc":{"start":{"line":16,"column":4},"end":{"line":18,"column":5}},"type":"if","locations":[{"start":{"line":16,"column":4},"end":{"line":18,"column":5}},{"start":{},"end":{}}],"line":16},"1":{"loc":{"start":{"line":42,"column":4},"end":{"line":44,"column":5}},"type":"if","locations":[{"start":{"line":42,"column":4},"end":{"line":44,"column":5}},{"start":{},"end":{}}],"line":42},"2":{"loc":{"start":{"line":45,"column":4},"end":{"line":47,"column":5}},"type":"if","locations":[{"start":{"line":45,"column":4},"end":{"line":47,"column":5}},{"start":{},"end":{}}],"line":45},"3":{"loc":{"start":{"line":70,"column":4},"end":{"line":72,"column":5}},"type":"if","locations":[{"start":{"line":70,"column":4},"end":{"line":72,"column":5}},{"start":{},"end":{}}],"line":70},"4":{"loc":{"start":{"line":73,"column":4},"end":{"line":75,"column":5}},"type":"if","locations":[{"start":{"line":73,"column":4},"end":{"line":75,"column":5}},{"start":{},"end":{}}],"line":73},"5":{"loc":{"start":{"line":73,"column":8},"end":{"line":73,"column":72}},"type":"binary-expr","locations":[{"start":{"line":73,"column":8},"end":{"line":73,"column":38}},{"start":{"line":73,"column":42},"end":{"line":73,"column":72}}],"line":73},"6":{"loc":{"start":{"line":102,"column":4},"end":{"line":104,"column":5}},"type":"if","locations":[{"start":{"line":102,"column":4},"end":{"line":104,"column":5}},{"start":{},"end":{}}],"line":102},"7":{"loc":{"start":{"line":105,"column":4},"end":{"line":107,"column":5}},"type":"if","locations":[{"start":{"line":105,"column":4},"end":{"line":107,"column":5}},{"start":{},"end":{}}],"line":105},"8":{"loc":{"start":{"line":105,"column":8},"end":{"line":105,"column":72}},"type":"binary-expr","locations":[{"start":{"line":105,"column":8},"end":{"line":105,"column":38}},{"start":{"line":105,"column":42},"end":{"line":105,"column":72}}],"line":105},"9":{"loc":{"start":{"line":109,"column":24},"end":{"line":109,"column":36}},"type":"binary-expr","locations":[{"start":{"line":109,"column":24},"end":{"line":109,"column":30}},{"start":{"line":109,"column":34},"end":{"line":109,"column":36}}],"line":109},"10":{"loc":{"start":{"line":110,"column":30},"end":{"line":110,"column":76}},"type":"cond-expr","locations":[{"start":{"line":110,"column":59},"end":{"line":110,"column":71}},{"start":{"line":110,"column":74},"end":{"line":110,"column":76}}],"line":110},"11":{"loc":{"start":{"line":111,"column":31},"end":{"line":111,"column":79}},"type":"cond-expr","locations":[{"start":{"line":111,"column":61},"end":{"line":111,"column":74}},{"start":{"line":111,"column":77},"end":{"line":111,"column":79}}],"line":111},"12":{"loc":{"start":{"line":112,"column":30},"end":{"line":112,"column":76}},"type":"cond-expr","locations":[{"start":{"line":112,"column":59},"end":{"line":112,"column":71}},{"start":{"line":112,"column":74},"end":{"line":112,"column":76}}],"line":112},"13":{"loc":{"start":{"line":113,"column":30},"end":{"line":113,"column":76}},"type":"cond-expr","locations":[{"start":{"line":113,"column":59},"end":{"line":113,"column":71}},{"start":{"line":113,"column":74},"end":{"line":113,"column":76}}],"line":113},"14":{"loc":{"start":{"line":114,"column":32},"end":{"line":114,"column":82}},"type":"cond-expr","locations":[{"start":{"line":114,"column":63},"end":{"line":114,"column":77}},{"start":{"line":114,"column":80},"end":{"line":114,"column":82}}],"line":114}},"s":{"0":2,"1":2,"2":2,"3":1,"4":1,"5":2,"6":2,"7":2,"8":2,"9":1,"10":1,"11":0,"12":0,"13":0,"14":0,"15":0,"16":0,"17":4,"18":4,"19":4,"20":4,"21":2,"22":2,"23":1,"24":1,"25":1,"26":0,"27":3,"28":3,"29":3,"30":3,"31":3,"32":0,"33":5,"34":5,"35":5,"36":5,"37":5,"38":4,"39":1,"40":3,"41":1,"42":2,"43":2,"44":1,"45":6,"46":6,"47":6,"48":6,"49":6,"50":5,"51":1,"52":4,"53":1,"54":3,"55":3,"56":3,"57":3,"58":3,"59":3,"60":3,"61":3,"62":1,"63":2},"f":{"0":2,"1":2,"2":0,"3":4,"4":3,"5":5,"6":6},"b":{"0":[1,1],"1":[1,1],"2":[1,0],"3":[1,3],"4":[1,2],"5":[3,2],"6":[1,4],"7":[1,3],"8":[4,3],"9":[3,1],"10":[2,1],"11":[2,1],"12":[2,1],"13":[2,1],"14":[2,1]},"_coverageSchema":"1a1c01bbd47fc00a2c39e90264f33305004495a9","hash":"bd7ed526dc64dc33ca91de64b0d72edfd52d6df6"}
,"C:\\Users\\acer\\Desktop\\Exam-Prep-Platform-Backend\\src\\controllers\\notificationController.js": {"path":"C:\\Users\\acer\\Desktop\\Exam-Prep-Platform-Backend\\src\\controllers\\notificationController.js","statementMap":{"0":{"start":{"line":1,"column":28},"end":{"line":1,"column":70}},"1":{"start":{"line":4,"column":2},"end":{"line":16,"column":3}},"2":{"start":{"line":5,"column":19},"end":{"line":5,"column":30}},"3":{"start":{"line":6,"column":34},"end":{"line":6,"column":42}},"4":{"start":{"line":8,"column":4},"end":{"line":10,"column":5}},"5":{"start":{"line":9,"column":6},"end":{"line":9,"column":68}},"6":{"start":{"line":12,"column":4},"end":{"line":12,"column":80}},"7":{"start":{"line":13,"column":4},"end":{"line":13,"column":78}},"8":{"start":{"line":15,"column":4},"end":{"line":15,"column":14}},"9":{"start":{"line":20,"column":2},"end":{"line":32,"column":3}},"10":{"start":{"line":21,"column":19},"end":{"line":21,"column":30}},"11":{"start":{"line":22,"column":29},"end":{"line":22,"column":37}},"12":{"start":{"line":24,"column":4},"end":{"line":26,"column":5}},"13":{"start":{"line":25,"column":6},"end":{"line":25,"column":75}},"14":{"start":{"line":28,"column":19},"end":{"line":28,"column":94}},"15":{"start":{"line":29,"column":4},"end":{"line":29,"column":93}},"16":{"start":{"line":31,"column":4},"end":{"line":31,"column":14}},"17":{"start":{"line":36,"column":2},"end":{"line":69,"column":3}},"18":{"start":{"line":37,"column":29},"end":{"line":37,"column":37}},"19":{"start":{"line":39,"column":4},"end":{"line":41,"column":5}},"20":{"start":{"line":40,"column":6},"end":{"line":40,"column":125}},"21":{"start":{"line":43,"column":16},"end":{"line":43,"column":18}},"22":{"start":{"line":44,"column":15},"end":{"line":44,"column":17}},"23":{"start":{"line":46,"column":4},"end":{"line":58,"column":5}},"24":{"start":{"line":47,"column":6},"end":{"line":47,"column":38}},"25":{"start":{"line":48,"column":6},"end":{"line":48,"column":83}},"26":{"start":{"line":49,"column":11},"end":{"line":58,"column":5}},"27":{"start":{"line":50,"column":6},"end":{"line":50,"column":37}},"28":{"start":{"line":51,"column":6},"end":{"line":51,"column":98}},"29":{"start":{"line":52,"column":11},"end":{"line":58,"column":5}},"30":{"start":{"line":53,"column":6},"end":{"line":53,"column":35}},"31":{"start":{"line":54,"column":6},"end":{"line":54,"column":101}},"32":{"start":{"line":56,"column":6},"end":{"line":56,"column":35}},"33":{"start":{"line":57,"column":6},"end":{"line":57,"column":96}},"34":{"start":{"line":60,"column":19},"end":{"line":64,"column":6}},"35":{"start":{"line":66,"column":4},"end":{"line":66,"column":121}},"36":{"start":{"line":68,"column":4},"end":{"line":68,"column":14}},"37":{"start":{"line":73,"column":2},"end":{"line":93,"column":3}},"38":{"start":{"line":74,"column":17},"end":{"line":74,"column":30}},"39":{"start":{"line":75,"column":4},"end":{"line":77,"column":5}},"40":{"start":{"line":76,"column":6},"end":{"line":76,"column":72}},"41":{"start":{"line":79,"column":33},"end":{"line":79,"column":41}},"42":{"start":{"line":80,"column":4},"end":{"line":82,"column":5}},"43":{"start":{"line":81,"column":6},"end":{"line":81,"column":78}},"44":{"start":{"line":84,"column":19},"end":{"line":88,"column":6}},"45":{"start":{"line":90,"column":4},"end":{"line":90,"column":106}},"46":{"start":{"line":92,"column":4},"end":{"line":92,"column":14}},"47":{"start":{"line":97,"column":2},"end":{"line":107,"column":3}},"48":{"start":{"line":98,"column":17},"end":{"line":98,"column":30}},"49":{"start":{"line":99,"column":4},"end":{"line":101,"column":5}},"50":{"start":{"line":100,"column":6},"end":{"line":100,"column":72}},"51":{"start":{"line":103,"column":18},"end":{"line":103,"column":64}},"52":{"start":{"line":104,"column":4},"end":{"line":104,"column":43}},"53":{"start":{"line":106,"column":4},"end":{"line":106,"column":14}},"54":{"start":{"line":110,"column":0},"end":{"line":116,"column":2}}},"fnMap":{"0":{"name":"registerToken","decl":{"start":{"line":3,"column":15},"end":{"line":3,"column":28}},"loc":{"start":{"line":3,"column":45},"end":{"line":17,"column":1}},"line":3},"1":{"name":"testTrigger","decl":{"start":{"line":19,"column":15},"end":{"line":19,"column":26}},"loc":{"start":{"line":19,"column":43},"end":{"line":33,"column":1}},"line":19},"2":{"name":"simulateCronTrigger","decl":{"start":{"line":35,"column":15},"end":{"line":35,"column":34}},"loc":{"start":{"line":35,"column":51},"end":{"line":70,"column":1}},"line":35},"3":{"name":"sendBroadcastNotification","decl":{"start":{"line":72,"column":15},"end":{"line":72,"column":40}},"loc":{"start":{"line":72,"column":57},"end":{"line":94,"column":1}},"line":72},"4":{"name":"getSubscribersCount","decl":{"start":{"line":96,"column":15},"end":{"line":96,"column":34}},"loc":{"start":{"line":96,"column":51},"end":{"line":108,"column":1}},"line":96}},"branchMap":{"0":{"loc":{"start":{"line":8,"column":4},"end":{"line":10,"column":5}},"type":"if","locations":[{"start":{"line":8,"column":4},"end":{"line":10,"column":5}},{"start":{},"end":{}}],"line":8},"1":{"loc":{"start":{"line":12,"column":59},"end":{"line":12,"column":78}},"type":"binary-expr","locations":[{"start":{"line":12,"column":59},"end":{"line":12,"column":69}},{"start":{"line":12,"column":73},"end":{"line":12,"column":78}}],"line":12},"2":{"loc":{"start":{"line":24,"column":4},"end":{"line":26,"column":5}},"type":"if","locations":[{"start":{"line":24,"column":4},"end":{"line":26,"column":5}},{"start":{},"end":{}}],"line":24},"3":{"loc":{"start":{"line":39,"column":4},"end":{"line":41,"column":5}},"type":"if","locations":[{"start":{"line":39,"column":4},"end":{"line":41,"column":5}},{"start":{},"end":{}}],"line":39},"4":{"loc":{"start":{"line":46,"column":4},"end":{"line":58,"column":5}},"type":"if","locations":[{"start":{"line":46,"column":4},"end":{"line":58,"column":5}},{"start":{"line":49,"column":11},"end":{"line":58,"column":5}}],"line":46},"5":{"loc":{"start":{"line":49,"column":11},"end":{"line":58,"column":5}},"type":"if","locations":[{"start":{"line":49,"column":11},"end":{"line":58,"column":5}},{"start":{"line":52,"column":11},"end":{"line":58,"column":5}}],"line":49},"6":{"loc":{"start":{"line":52,"column":11},"end":{"line":58,"column":5}},"type":"if","locations":[{"start":{"line":52,"column":11},"end":{"line":58,"column":5}},{"start":{"line":55,"column":11},"end":{"line":58,"column":5}}],"line":52},"7":{"loc":{"start":{"line":75,"column":4},"end":{"line":77,"column":5}},"type":"if","locations":[{"start":{"line":75,"column":4},"end":{"line":77,"column":5}},{"start":{},"end":{}}],"line":75},"8":{"loc":{"start":{"line":80,"column":4},"end":{"line":82,"column":5}},"type":"if","locations":[{"start":{"line":80,"column":4},"end":{"line":82,"column":5}},{"start":{},"end":{}}],"line":80},"9":{"loc":{"start":{"line":80,"column":8},"end":{"line":80,"column":23}},"type":"binary-expr","locations":[{"start":{"line":80,"column":8},"end":{"line":80,"column":14}},{"start":{"line":80,"column":18},"end":{"line":80,"column":23}}],"line":80},"10":{"loc":{"start":{"line":87,"column":19},"end":{"line":87,"column":38}},"type":"binary-expr","locations":[{"start":{"line":87,"column":19},"end":{"line":87,"column":22}},{"start":{"line":87,"column":26},"end":{"line":87,"column":38}}],"line":87},"11":{"loc":{"start":{"line":99,"column":4},"end":{"line":101,"column":5}},"type":"if","locations":[{"start":{"line":99,"column":4},"end":{"line":101,"column":5}},{"start":{},"end":{}}],"line":99}},"s":{"0":1,"1":4,"2":4,"3":4,"4":4,"5":1,"6":3,"7":2,"8":1,"9":2,"10":2,"11":2,"12":2,"13":1,"14":1,"15":1,"16":0,"17":4,"18":4,"19":4,"20":1,"21":3,"22":3,"23":3,"24":1,"25":1,"26":2,"27":1,"28":1,"29":1,"30":1,"31":1,"32":0,"33":0,"34":3,"35":3,"36":0,"37":3,"38":3,"39":3,"40":1,"41":2,"42":2,"43":1,"44":1,"45":1,"46":0,"47":2,"48":2,"49":2,"50":1,"51":1,"52":1,"53":0,"54":1},"f":{"0":4,"1":2,"2":4,"3":3,"4":2},"b":{"0":[1,3],"1":[3,2],"2":[1,1],"3":[1,3],"4":[1,2],"5":[1,1],"6":[1,0],"7":[1,2],"8":[1,1],"9":[2,1],"10":[1,1],"11":[1,1]},"_coverageSchema":"1a1c01bbd47fc00a2c39e90264f33305004495a9","hash":"b9e137c2783b1adfe93c31c7788a6d40bee4cf5b"}
,"C:\\Users\\acer\\Desktop\\Exam-Prep-Platform-Backend\\src\\controllers\\questionController.js": {"path":"C:\\Users\\acer\\Desktop\\Exam-Prep-Platform-Backend\\src\\controllers\\questionController.js","statementMap":{"0":{"start":{"line":1,"column":27},"end":{"line":1,"column":61}},"1":{"start":{"line":2,"column":24},"end":{"line":2,"column":62}},"2":{"start":{"line":5,"column":2},"end":{"line":15,"column":3}},"3":{"start":{"line":6,"column":38},"end":{"line":6,"column":47}},"4":{"start":{"line":7,"column":23},"end":{"line":7,"column":60}},"5":{"start":{"line":8,"column":17},"end":{"line":11,"column":5}},"6":{"start":{"line":12,"column":4},"end":{"line":12,"column":26}},"7":{"start":{"line":14,"column":4},"end":{"line":14,"column":14}},"8":{"start":{"line":19,"column":2},"end":{"line":24,"column":3}},"9":{"start":{"line":20,"column":17},"end":{"line":20,"column":53}},"10":{"start":{"line":21,"column":4},"end":{"line":21,"column":26}},"11":{"start":{"line":23,"column":4},"end":{"line":23,"column":14}},"12":{"start":{"line":28,"column":2},"end":{"line":37,"column":3}},"13":{"start":{"line":29,"column":19},"end":{"line":29,"column":29}},"14":{"start":{"line":30,"column":21},"end":{"line":30,"column":55}},"15":{"start":{"line":31,"column":4},"end":{"line":34,"column":7}},"16":{"start":{"line":36,"column":4},"end":{"line":36,"column":14}},"17":{"start":{"line":41,"column":2},"end":{"line":151,"column":3}},"18":{"start":{"line":42,"column":19},"end":{"line":42,"column":30}},"19":{"start":{"line":43,"column":66},"end":{"line":43,"column":74}},"20":{"start":{"line":45,"column":4},"end":{"line":47,"column":5}},"21":{"start":{"line":46,"column":6},"end":{"line":46,"column":73}},"22":{"start":{"line":49,"column":21},"end":{"line":49,"column":63}},"23":{"start":{"line":50,"column":4},"end":{"line":52,"column":5}},"24":{"start":{"line":51,"column":6},"end":{"line":51,"column":69}},"25":{"start":{"line":54,"column":21},"end":{"line":54,"column":31}},"26":{"start":{"line":55,"column":24},"end":{"line":55,"column":38}},"27":{"start":{"line":56,"column":19},"end":{"line":56,"column":22}},"28":{"start":{"line":57,"column":23},"end":{"line":57,"column":25}},"29":{"start":{"line":58,"column":22},"end":{"line":58,"column":24}},"30":{"start":{"line":60,"column":26},"end":{"line":60,"column":65}},"31":{"start":{"line":61,"column":19},"end":{"line":61,"column":62}},"32":{"start":{"line":62,"column":23},"end":{"line":62,"column":165}},"33":{"start":{"line":63,"column":22},"end":{"line":63,"column":155}},"34":{"start":{"line":64,"column":22},"end":{"line":64,"column":49}},"35":{"start":{"line":65,"column":24},"end":{"line":65,"column":53}},"36":{"start":{"line":67,"column":28},"end":{"line":67,"column":68}},"37":{"start":{"line":69,"column":4},"end":{"line":129,"column":5}},"38":{"start":{"line":70,"column":6},"end":{"line":70,"column":22}},"39":{"start":{"line":71,"column":6},"end":{"line":71,"column":136}},"40":{"start":{"line":72,"column":6},"end":{"line":72,"column":21}},"41":{"start":{"line":73,"column":6},"end":{"line":73,"column":24}},"42":{"start":{"line":74,"column":6},"end":{"line":74,"column":23}},"43":{"start":{"line":75,"column":11},"end":{"line":129,"column":5}},"44":{"start":{"line":76,"column":25},"end":{"line":76,"column":87}},"45":{"start":{"line":77,"column":25},"end":{"line":77,"column":63}},"46":{"start":{"line":78,"column":6},"end":{"line":78,"column":36}},"47":{"start":{"line":79,"column":6},"end":{"line":79,"column":42}},"48":{"start":{"line":80,"column":6},"end":{"line":80,"column":37}},"49":{"start":{"line":81,"column":6},"end":{"line":81,"column":45}},"50":{"start":{"line":82,"column":6},"end":{"line":82,"column":43}},"51":{"start":{"line":83,"column":11},"end":{"line":129,"column":5}},"52":{"start":{"line":84,"column":24},"end":{"line":84,"column":85}},"53":{"start":{"line":85,"column":21},"end":{"line":85,"column":64}},"54":{"start":{"line":86,"column":21},"end":{"line":86,"column":24}},"55":{"start":{"line":87,"column":21},"end":{"line":87,"column":24}},"56":{"start":{"line":88,"column":22},"end":{"line":88,"column":80}},"57":{"start":{"line":89,"column":6},"end":{"line":92,"column":7}},"58":{"start":{"line":90,"column":8},"end":{"line":90,"column":21}},"59":{"start":{"line":91,"column":8},"end":{"line":91,"column":22}},"60":{"start":{"line":94,"column":26},"end":{"line":94,"column":72}},"61":{"start":{"line":96,"column":28},"end":{"line":96,"column":32}},"62":{"start":{"line":97,"column":6},"end":{"line":102,"column":7}},"63":{"start":{"line":98,"column":26},"end":{"line":98,"column":102}},"64":{"start":{"line":98,"column":82},"end":{"line":98,"column":101}},"65":{"start":{"line":99,"column":8},"end":{"line":101,"column":9}},"66":{"start":{"line":100,"column":10},"end":{"line":100,"column":34}},"67":{"start":{"line":104,"column":6},"end":{"line":123,"column":7}},"68":{"start":{"line":105,"column":8},"end":{"line":105,"column":24}},"69":{"start":{"line":106,"column":8},"end":{"line":106,"column":49}},"70":{"start":{"line":107,"column":8},"end":{"line":107,"column":21}},"71":{"start":{"line":108,"column":13},"end":{"line":123,"column":7}},"72":{"start":{"line":109,"column":8},"end":{"line":109,"column":24}},"73":{"start":{"line":110,"column":8},"end":{"line":110,"column":136}},"74":{"start":{"line":111,"column":8},"end":{"line":111,"column":23}},"75":{"start":{"line":113,"column":22},"end":{"line":113,"column":23}},"76":{"start":{"line":114,"column":8},"end":{"line":114,"column":40}},"77":{"start":{"line":114,"column":26},"end":{"line":114,"column":40}},"78":{"start":{"line":115,"column":8},"end":{"line":115,"column":44}},"79":{"start":{"line":115,"column":30},"end":{"line":115,"column":44}},"80":{"start":{"line":116,"column":8},"end":{"line":116,"column":48}},"81":{"start":{"line":117,"column":8},"end":{"line":117,"column":47}},"82":{"start":{"line":119,"column":23},"end":{"line":119,"column":104}},"83":{"start":{"line":120,"column":8},"end":{"line":120,"column":81}},"84":{"start":{"line":120,"column":26},"end":{"line":120,"column":81}},"85":{"start":{"line":121,"column":8},"end":{"line":121,"column":101}},"86":{"start":{"line":121,"column":43},"end":{"line":121,"column":101}},"87":{"start":{"line":122,"column":8},"end":{"line":122,"column":40}},"88":{"start":{"line":124,"column":11},"end":{"line":129,"column":5}},"89":{"start":{"line":125,"column":25},"end":{"line":125,"column":73}},"90":{"start":{"line":126,"column":6},"end":{"line":126,"column":36}},"91":{"start":{"line":127,"column":6},"end":{"line":127,"column":42}},"92":{"start":{"line":128,"column":6},"end":{"line":128,"column":37}},"93":{"start":{"line":131,"column":4},"end":{"line":138,"column":7}},"94":{"start":{"line":140,"column":4},"end":{"line":148,"column":7}},"95":{"start":{"line":150,"column":4},"end":{"line":150,"column":14}},"96":{"start":{"line":155,"column":2},"end":{"line":159,"column":12}},"97":{"start":{"line":163,"column":17},"end":{"line":163,"column":38}},"98":{"start":{"line":164,"column":22},"end":{"line":164,"column":43}},"99":{"start":{"line":166,"column":2},"end":{"line":174,"column":3}},"100":{"start":{"line":167,"column":4},"end":{"line":173,"column":6}},"101":{"start":{"line":176,"column":17},"end":{"line":176,"column":50}},"102":{"start":{"line":177,"column":22},"end":{"line":177,"column":60}},"103":{"start":{"line":179,"column":23},"end":{"line":179,"column":25}},"104":{"start":{"line":180,"column":22},"end":{"line":180,"column":24}},"105":{"start":{"line":182,"column":2},"end":{"line":188,"column":5}},"106":{"start":{"line":183,"column":4},"end":{"line":187,"column":5}},"107":{"start":{"line":184,"column":6},"end":{"line":184,"column":30}},"108":{"start":{"line":186,"column":6},"end":{"line":186,"column":29}},"109":{"start":{"line":190,"column":19},"end":{"line":192,"column":9}},"110":{"start":{"line":194,"column":16},"end":{"line":194,"column":54}},"111":{"start":{"line":196,"column":17},"end":{"line":196,"column":19}},"112":{"start":{"line":197,"column":2},"end":{"line":205,"column":3}},"113":{"start":{"line":198,"column":4},"end":{"line":198,"column":76}},"114":{"start":{"line":199,"column":9},"end":{"line":205,"column":3}},"115":{"start":{"line":200,"column":4},"end":{"line":200,"column":138}},"116":{"start":{"line":201,"column":9},"end":{"line":205,"column":3}},"117":{"start":{"line":202,"column":4},"end":{"line":202,"column":116}},"118":{"start":{"line":204,"column":4},"end":{"line":204,"column":128}},"119":{"start":{"line":207,"column":2},"end":{"line":213,"column":4}},"120":{"start":{"line":217,"column":2},"end":{"line":219,"column":3}},"121":{"start":{"line":218,"column":4},"end":{"line":218,"column":25}},"122":{"start":{"line":220,"column":2},"end":{"line":220,"column":31}},"123":{"start":{"line":220,"column":21},"end":{"line":220,"column":31}},"124":{"start":{"line":222,"column":16},"end":{"line":222,"column":47}},"125":{"start":{"line":223,"column":2},"end":{"line":225,"column":3}},"126":{"start":{"line":224,"column":4},"end":{"line":224,"column":20}},"127":{"start":{"line":227,"column":2},"end":{"line":230,"column":12}},"128":{"start":{"line":234,"column":17},"end":{"line":234,"column":60}},"129":{"start":{"line":235,"column":24},"end":{"line":235,"column":62}},"130":{"start":{"line":236,"column":21},"end":{"line":236,"column":46}},"131":{"start":{"line":238,"column":2},"end":{"line":244,"column":3}},"132":{"start":{"line":239,"column":4},"end":{"line":243,"column":6}},"133":{"start":{"line":246,"column":22},"end":{"line":246,"column":112}},"134":{"start":{"line":247,"column":24},"end":{"line":247,"column":81}},"135":{"start":{"line":248,"column":20},"end":{"line":248,"column":46}},"136":{"start":{"line":249,"column":26},"end":{"line":249,"column":59}},"137":{"start":{"line":250,"column":22},"end":{"line":250,"column":50}},"138":{"start":{"line":251,"column":26},"end":{"line":251,"column":104}},"139":{"start":{"line":252,"column":17},"end":{"line":252,"column":43}},"140":{"start":{"line":254,"column":2},"end":{"line":277,"column":3}},"141":{"start":{"line":255,"column":25},"end":{"line":255,"column":48}},"142":{"start":{"line":256,"column":25},"end":{"line":256,"column":51}},"143":{"start":{"line":258,"column":23},"end":{"line":258,"column":69}},"144":{"start":{"line":259,"column":23},"end":{"line":259,"column":72}},"145":{"start":{"line":261,"column":24},"end":{"line":261,"column":85}},"146":{"start":{"line":262,"column":22},"end":{"line":262,"column":75}},"147":{"start":{"line":264,"column":4},"end":{"line":276,"column":5}},"148":{"start":{"line":265,"column":6},"end":{"line":269,"column":8}},"149":{"start":{"line":271,"column":6},"end":{"line":275,"column":8}},"150":{"start":{"line":279,"column":2},"end":{"line":320,"column":3}},"151":{"start":{"line":280,"column":19},"end":{"line":280,"column":83}},"152":{"start":{"line":280,"column":58},"end":{"line":280,"column":66}},"153":{"start":{"line":281,"column":19},"end":{"line":281,"column":86}},"154":{"start":{"line":281,"column":61},"end":{"line":281,"column":69}},"155":{"start":{"line":283,"column":21},"end":{"line":283,"column":22}},"156":{"start":{"line":284,"column":4},"end":{"line":304,"column":7}},"157":{"start":{"line":285,"column":27},"end":{"line":285,"column":45}},"158":{"start":{"line":286,"column":25},"end":{"line":286,"column":66}},"159":{"start":{"line":288,"column":24},"end":{"line":299,"column":8}},"160":{"start":{"line":289,"column":29},"end":{"line":289,"column":47}},"161":{"start":{"line":290,"column":27},"end":{"line":290,"column":68}},"162":{"start":{"line":292,"column":8},"end":{"line":294,"column":9}},"163":{"start":{"line":293,"column":10},"end":{"line":293,"column":22}},"164":{"start":{"line":295,"column":8},"end":{"line":297,"column":9}},"165":{"start":{"line":296,"column":10},"end":{"line":296,"column":22}},"166":{"start":{"line":298,"column":8},"end":{"line":298,"column":21}},"167":{"start":{"line":301,"column":6},"end":{"line":303,"column":7}},"168":{"start":{"line":302,"column":8},"end":{"line":302,"column":21}},"169":{"start":{"line":306,"column":25},"end":{"line":306,"column":38}},"170":{"start":{"line":307,"column":21},"end":{"line":307,"column":91}},"171":{"start":{"line":308,"column":18},"end":{"line":308,"column":56}},"172":{"start":{"line":310,"column":19},"end":{"line":310,"column":21}},"173":{"start":{"line":311,"column":4},"end":{"line":317,"column":5}},"174":{"start":{"line":312,"column":6},"end":{"line":312,"column":68}},"175":{"start":{"line":313,"column":11},"end":{"line":317,"column":5}},"176":{"start":{"line":314,"column":6},"end":{"line":314,"column":139}},"177":{"start":{"line":316,"column":6},"end":{"line":316,"column":111}},"178":{"start":{"line":319,"column":4},"end":{"line":319,"column":41}},"179":{"start":{"line":322,"column":2},"end":{"line":339,"column":3}},"180":{"start":{"line":323,"column":19},"end":{"line":323,"column":63}},"181":{"start":{"line":324,"column":19},"end":{"line":324,"column":66}},"182":{"start":{"line":326,"column":4},"end":{"line":338,"column":5}},"183":{"start":{"line":327,"column":6},"end":{"line":331,"column":8}},"184":{"start":{"line":333,"column":6},"end":{"line":337,"column":8}},"185":{"start":{"line":341,"column":2},"end":{"line":358,"column":3}},"186":{"start":{"line":342,"column":19},"end":{"line":342,"column":46}},"187":{"start":{"line":343,"column":19},"end":{"line":343,"column":49}},"188":{"start":{"line":345,"column":4},"end":{"line":357,"column":5}},"189":{"start":{"line":346,"column":6},"end":{"line":350,"column":8}},"190":{"start":{"line":352,"column":6},"end":{"line":356,"column":8}},"191":{"start":{"line":360,"column":2},"end":{"line":382,"column":3}},"192":{"start":{"line":361,"column":19},"end":{"line":361,"column":73}},"193":{"start":{"line":362,"column":19},"end":{"line":362,"column":76}},"194":{"start":{"line":364,"column":18},"end":{"line":364,"column":19}},"195":{"start":{"line":365,"column":4},"end":{"line":367,"column":7}},"196":{"start":{"line":366,"column":6},"end":{"line":366,"column":40}},"197":{"start":{"line":366,"column":30},"end":{"line":366,"column":40}},"198":{"start":{"line":369,"column":21},"end":{"line":369,"column":90}},"199":{"start":{"line":370,"column":18},"end":{"line":370,"column":56}},"200":{"start":{"line":372,"column":19},"end":{"line":372,"column":21}},"201":{"start":{"line":373,"column":4},"end":{"line":379,"column":5}},"202":{"start":{"line":374,"column":6},"end":{"line":374,"column":73}},"203":{"start":{"line":375,"column":11},"end":{"line":379,"column":5}},"204":{"start":{"line":376,"column":6},"end":{"line":376,"column":110}},"205":{"start":{"line":378,"column":6},"end":{"line":378,"column":74}},"206":{"start":{"line":381,"column":4},"end":{"line":381,"column":41}},"207":{"start":{"line":384,"column":2},"end":{"line":403,"column":3}},"208":{"start":{"line":385,"column":18},"end":{"line":385,"column":64}},"209":{"start":{"line":386,"column":20},"end":{"line":386,"column":46}},"210":{"start":{"line":388,"column":16},"end":{"line":388,"column":33}},"211":{"start":{"line":389,"column":4},"end":{"line":389,"column":32}},"212":{"start":{"line":389,"column":21},"end":{"line":389,"column":32}},"213":{"start":{"line":391,"column":19},"end":{"line":391,"column":67}},"214":{"start":{"line":392,"column":4},"end":{"line":396,"column":5}},"215":{"start":{"line":393,"column":6},"end":{"line":393,"column":68}},"216":{"start":{"line":395,"column":6},"end":{"line":395,"column":81}},"217":{"start":{"line":398,"column":4},"end":{"line":402,"column":6}},"218":{"start":{"line":405,"column":2},"end":{"line":430,"column":3}},"219":{"start":{"line":406,"column":21},"end":{"line":406,"column":61}},"220":{"start":{"line":406,"column":52},"end":{"line":406,"column":60}},"221":{"start":{"line":407,"column":21},"end":{"line":407,"column":64}},"222":{"start":{"line":407,"column":55},"end":{"line":407,"column":63}},"223":{"start":{"line":409,"column":23},"end":{"line":409,"column":24}},"224":{"start":{"line":410,"column":4},"end":{"line":416,"column":7}},"225":{"start":{"line":411,"column":29},"end":{"line":411,"column":59}},"226":{"start":{"line":412,"column":27},"end":{"line":412,"column":82}},"227":{"start":{"line":412,"column":61},"end":{"line":412,"column":81}},"228":{"start":{"line":413,"column":6},"end":{"line":415,"column":7}},"229":{"start":{"line":414,"column":8},"end":{"line":414,"column":23}},"230":{"start":{"line":418,"column":24},"end":{"line":418,"column":39}},"231":{"start":{"line":419,"column":21},"end":{"line":419,"column":91}},"232":{"start":{"line":420,"column":18},"end":{"line":420,"column":56}},"233":{"start":{"line":422,"column":19},"end":{"line":422,"column":21}},"234":{"start":{"line":423,"column":4},"end":{"line":427,"column":5}},"235":{"start":{"line":424,"column":6},"end":{"line":424,"column":72}},"236":{"start":{"line":426,"column":6},"end":{"line":426,"column":124}},"237":{"start":{"line":429,"column":4},"end":{"line":429,"column":41}},"238":{"start":{"line":432,"column":2},"end":{"line":436,"column":4}},"239":{"start":{"line":440,"column":2},"end":{"line":445,"column":12}},"240":{"start":{"line":449,"column":2},"end":{"line":453,"column":12}},"241":{"start":{"line":457,"column":2},"end":{"line":460,"column":21}},"242":{"start":{"line":459,"column":14},"end":{"line":459,"column":28}},"243":{"start":{"line":464,"column":2},"end":{"line":468,"column":12}},"244":{"start":{"line":472,"column":2},"end":{"line":545,"column":3}},"245":{"start":{"line":473,"column":115},"end":{"line":473,"column":123}},"246":{"start":{"line":476,"column":4},"end":{"line":478,"column":5}},"247":{"start":{"line":477,"column":6},"end":{"line":477,"column":68}},"248":{"start":{"line":479,"column":4},"end":{"line":481,"column":5}},"249":{"start":{"line":480,"column":6},"end":{"line":480,"column":72}},"250":{"start":{"line":484,"column":4},"end":{"line":486,"column":5}},"251":{"start":{"line":485,"column":6},"end":{"line":485,"column":71}},"252":{"start":{"line":487,"column":28},"end":{"line":487,"column":97}},"253":{"start":{"line":488,"column":4},"end":{"line":490,"column":5}},"254":{"start":{"line":489,"column":6},"end":{"line":489,"column":67}},"255":{"start":{"line":493,"column":4},"end":{"line":495,"column":5}},"256":{"start":{"line":494,"column":6},"end":{"line":494,"column":73}},"257":{"start":{"line":496,"column":30},"end":{"line":496,"column":56}},"258":{"start":{"line":497,"column":4},"end":{"line":499,"column":5}},"259":{"start":{"line":498,"column":6},"end":{"line":498,"column":69}},"260":{"start":{"line":502,"column":4},"end":{"line":504,"column":5}},"261":{"start":{"line":503,"column":6},"end":{"line":503,"column":77}},"262":{"start":{"line":505,"column":22},"end":{"line":505,"column":46}},"263":{"start":{"line":506,"column":4},"end":{"line":508,"column":5}},"264":{"start":{"line":507,"column":6},"end":{"line":507,"column":72}},"265":{"start":{"line":511,"column":21},"end":{"line":511,"column":35}},"266":{"start":{"line":512,"column":4},"end":{"line":516,"column":5}},"267":{"start":{"line":513,"column":6},"end":{"line":515,"column":7}},"268":{"start":{"line":514,"column":8},"end":{"line":514,"column":76}},"269":{"start":{"line":519,"column":4},"end":{"line":524,"column":5}},"270":{"start":{"line":520,"column":23},"end":{"line":520,"column":57}},"271":{"start":{"line":521,"column":6},"end":{"line":523,"column":7}},"272":{"start":{"line":522,"column":8},"end":{"line":522,"column":74}},"273":{"start":{"line":526,"column":4},"end":{"line":528,"column":5}},"274":{"start":{"line":527,"column":6},"end":{"line":527,"column":75}},"275":{"start":{"line":529,"column":4},"end":{"line":531,"column":5}},"276":{"start":{"line":530,"column":6},"end":{"line":530,"column":79}},"277":{"start":{"line":533,"column":21},"end":{"line":541,"column":6}},"278":{"start":{"line":542,"column":4},"end":{"line":542,"column":88}},"279":{"start":{"line":544,"column":4},"end":{"line":544,"column":14}},"280":{"start":{"line":549,"column":2},"end":{"line":566,"column":3}},"281":{"start":{"line":550,"column":19},"end":{"line":550,"column":29}},"282":{"start":{"line":551,"column":80},"end":{"line":551,"column":88}},"283":{"start":{"line":552,"column":21},"end":{"line":552,"column":55}},"284":{"start":{"line":553,"column":4},"end":{"line":555,"column":5}},"285":{"start":{"line":554,"column":6},"end":{"line":554,"column":69}},"286":{"start":{"line":556,"column":21},"end":{"line":562,"column":6}},"287":{"start":{"line":563,"column":4},"end":{"line":563,"column":76}},"288":{"start":{"line":565,"column":4},"end":{"line":565,"column":14}},"289":{"start":{"line":570,"column":2},"end":{"line":580,"column":3}},"290":{"start":{"line":571,"column":19},"end":{"line":571,"column":29}},"291":{"start":{"line":572,"column":21},"end":{"line":572,"column":55}},"292":{"start":{"line":573,"column":4},"end":{"line":575,"column":5}},"293":{"start":{"line":574,"column":6},"end":{"line":574,"column":69}},"294":{"start":{"line":576,"column":4},"end":{"line":576,"column":45}},"295":{"start":{"line":577,"column":4},"end":{"line":577,"column":66}},"296":{"start":{"line":579,"column":4},"end":{"line":579,"column":14}},"297":{"start":{"line":583,"column":0},"end":{"line":591,"column":2}}},"fnMap":{"0":{"name":"listQuestions","decl":{"start":{"line":4,"column":15},"end":{"line":4,"column":28}},"loc":{"start":{"line":4,"column":45},"end":{"line":16,"column":1}},"line":4},"1":{"name":"listSections","decl":{"start":{"line":18,"column":15},"end":{"line":18,"column":27}},"loc":{"start":{"line":18,"column":44},"end":{"line":25,"column":1}},"line":18},"2":{"name":"getQuestionById","decl":{"start":{"line":27,"column":15},"end":{"line":27,"column":30}},"loc":{"start":{"line":27,"column":47},"end":{"line":38,"column":1}},"line":27},"3":{"name":"submitAnswer","decl":{"start":{"line":40,"column":15},"end":{"line":40,"column":27}},"loc":{"start":{"line":40,"column":44},"end":{"line":152,"column":1}},"line":40},"4":{"name":"(anonymous_4)","decl":{"start":{"line":98,"column":75},"end":{"line":98,"column":76}},"loc":{"start":{"line":98,"column":82},"end":{"line":98,"column":101}},"line":98},"5":{"name":"cleanText","decl":{"start":{"line":154,"column":9},"end":{"line":154,"column":18}},"loc":{"start":{"line":154,"column":25},"end":{"line":160,"column":1}},"line":154},"6":{"name":"evaluateSpeech","decl":{"start":{"line":162,"column":9},"end":{"line":162,"column":23}},"loc":{"start":{"line":162,"column":48},"end":{"line":214,"column":1}},"line":162},"7":{"name":"(anonymous_7)","decl":{"start":{"line":182,"column":22},"end":{"line":182,"column":23}},"loc":{"start":{"line":182,"column":30},"end":{"line":188,"column":3}},"line":182},"8":{"name":"getTargetText","decl":{"start":{"line":216,"column":9},"end":{"line":216,"column":22}},"loc":{"start":{"line":216,"column":52},"end":{"line":231,"column":1}},"line":216},"9":{"name":"evaluateReadingOrListening","decl":{"start":{"line":233,"column":9},"end":{"line":233,"column":35}},"loc":{"start":{"line":233,"column":58},"end":{"line":437,"column":1}},"line":233},"10":{"name":"(anonymous_10)","decl":{"start":{"line":280,"column":53},"end":{"line":280,"column":54}},"loc":{"start":{"line":280,"column":58},"end":{"line":280,"column":66}},"line":280},"11":{"name":"(anonymous_11)","decl":{"start":{"line":281,"column":56},"end":{"line":281,"column":57}},"loc":{"start":{"line":281,"column":61},"end":{"line":281,"column":69}},"line":281},"12":{"name":"(anonymous_12)","decl":{"start":{"line":284,"column":19},"end":{"line":284,"column":20}},"loc":{"start":{"line":284,"column":28},"end":{"line":304,"column":5}},"line":284},"13":{"name":"(anonymous_13)","decl":{"start":{"line":288,"column":36},"end":{"line":288,"column":37}},"loc":{"start":{"line":288,"column":45},"end":{"line":299,"column":7}},"line":288},"14":{"name":"(anonymous_14)","decl":{"start":{"line":365,"column":19},"end":{"line":365,"column":20}},"loc":{"start":{"line":365,"column":24},"end":{"line":367,"column":5}},"line":365},"15":{"name":"(anonymous_15)","decl":{"start":{"line":406,"column":47},"end":{"line":406,"column":48}},"loc":{"start":{"line":406,"column":52},"end":{"line":406,"column":60}},"line":406},"16":{"name":"(anonymous_16)","decl":{"start":{"line":407,"column":50},"end":{"line":407,"column":51}},"loc":{"start":{"line":407,"column":55},"end":{"line":407,"column":63}},"line":407},"17":{"name":"(anonymous_17)","decl":{"start":{"line":410,"column":21},"end":{"line":410,"column":22}},"loc":{"start":{"line":410,"column":43},"end":{"line":416,"column":5}},"line":410},"18":{"name":"(anonymous_18)","decl":{"start":{"line":412,"column":54},"end":{"line":412,"column":55}},"loc":{"start":{"line":412,"column":61},"end":{"line":412,"column":81}},"line":412},"19":{"name":"cleanOption","decl":{"start":{"line":439,"column":9},"end":{"line":439,"column":20}},"loc":{"start":{"line":439,"column":26},"end":{"line":446,"column":1}},"line":439},"20":{"name":"stripOptionPrefix","decl":{"start":{"line":448,"column":9},"end":{"line":448,"column":26}},"loc":{"start":{"line":448,"column":33},"end":{"line":454,"column":1}},"line":448},"21":{"name":"splitAnswers","decl":{"start":{"line":456,"column":9},"end":{"line":456,"column":21}},"loc":{"start":{"line":456,"column":30},"end":{"line":461,"column":1}},"line":456},"22":{"name":"(anonymous_22)","decl":{"start":{"line":459,"column":9},"end":{"line":459,"column":10}},"loc":{"start":{"line":459,"column":14},"end":{"line":459,"column":28}},"line":459},"23":{"name":"cleanTextSimple","decl":{"start":{"line":463,"column":9},"end":{"line":463,"column":24}},"loc":{"start":{"line":463,"column":31},"end":{"line":469,"column":1}},"line":463},"24":{"name":"createQuestion","decl":{"start":{"line":471,"column":15},"end":{"line":471,"column":29}},"loc":{"start":{"line":471,"column":46},"end":{"line":546,"column":1}},"line":471},"25":{"name":"updateQuestion","decl":{"start":{"line":548,"column":15},"end":{"line":548,"column":29}},"loc":{"start":{"line":548,"column":46},"end":{"line":567,"column":1}},"line":548},"26":{"name":"deleteQuestion","decl":{"start":{"line":569,"column":15},"end":{"line":569,"column":29}},"loc":{"start":{"line":569,"column":46},"end":{"line":581,"column":1}},"line":569}},"branchMap":{"0":{"loc":{"start":{"line":32,"column":19},"end":{"line":32,"column":46}},"type":"binary-expr","locations":[{"start":{"line":32,"column":19},"end":{"line":32,"column":40}},{"start":{"line":32,"column":44},"end":{"line":32,"column":46}}],"line":32},"1":{"loc":{"start":{"line":45,"column":4},"end":{"line":47,"column":5}},"type":"if","locations":[{"start":{"line":45,"column":4},"end":{"line":47,"column":5}},{"start":{},"end":{}}],"line":45},"2":{"loc":{"start":{"line":50,"column":4},"end":{"line":52,"column":5}},"type":"if","locations":[{"st
[...]
,"C:\\Users\\acer\\Desktop\\Exam-Prep-Platform-Backend\\src\\utils\\normalizeQuery.js": {"path":"C:\\Users\\acer\\Desktop\\Exam-Prep-Platform-Backend\\src\\utils\\normalizeQuery.js","statementMap":{"0":{"start":{"line":3,"column":18},"end":{"line":3,"column":41}},"1":{"start":{"line":4,"column":18},"end":{"line":4,"column":63}},"2":{"start":{"line":6,"column":19},"end":{"line":6,"column":42}},"3":{"start":{"line":7,"column":19},"end":{"line":7,"column":42}},"4":{"start":{"line":10,"column":2},"end":{"line":18,"column":3}},"5":{"start":{"line":11,"column":4},"end":{"line":11,"column":27}},"6":{"start":{"line":12,"column":9},"end":{"line":18,"column":3}},"7":{"start":{"line":13,"column":4},"end":{"line":13,"column":26}},"8":{"start":{"line":14,"column":9},"end":{"line":18,"column":3}},"9":{"start":{"line":15,"column":4},"end":{"line":15,"column":26}},"10":{"start":{"line":16,"column":9},"end":{"line":18,"column":3}},"11":{"start":{"line":17,"column":4},"end":{"line":17,"column":28}},"12":{"start":{"line":21,"column":2},"end":{"line":108,"column":3}},"13":{"start":{"line":22,"column":4},"end":{"line":22,"column":27}},"14":{"start":{"line":23,"column":4},"end":{"line":23,"column":34}},"15":{"start":{"line":24,"column":9},"end":{"line":108,"column":3}},"16":{"start":{"line":25,"column":4},"end":{"line":25,"column":27}},"17":{"start":{"line":26,"column":4},"end":{"line":26,"column":41}},"18":{"start":{"line":27,"column":9},"end":{"line":108,"column":3}},"19":{"start":{"line":28,"column":4},"end":{"line":28,"column":27}},"20":{"start":{"line":29,"column":4},"end":{"line":29,"column":29}},"21":{"start":{"line":30,"column":9},"end":{"line":108,"column":3}},"22":{"start":{"line":31,"column":4},"end":{"line":31,"column":27}},"23":{"start":{"line":32,"column":4},"end":{"line":32,"column":34}},"24":{"start":{"line":33,"column":9},"end":{"line":108,"column":3}},"25":{"start":{"line":34,"column":4},"end":{"line":34,"column":27}},"26":{"start":{"line":35,"column":4},"end":{"line":35,"column":33}},"27":{"start":{"line":36,"column":9},"end":{"line":108,"column":3}},"28":{"start":{"line":37,"column":4},"end":{"line":37,"column":27}},"29":{"start":{"line":38,"column":4},"end":{"line":38,"column":41}},"30":{"start":{"line":39,"column":9},"end":{"line":108,"column":3}},"31":{"start":{"line":40,"column":4},"end":{"line":40,"column":27}},"32":{"start":{"line":41,"column":4},"end":{"line":41,"column":39}},"33":{"start":{"line":42,"column":9},"end":{"line":108,"column":3}},"34":{"start":{"line":43,"column":4},"end":{"line":43,"column":27}},"35":{"start":{"line":44,"column":4},"end":{"line":44,"column":40}},"36":{"start":{"line":48,"column":7},"end":{"line":108,"column":3}},"37":{"start":{"line":49,"column":4},"end":{"line":49,"column":26}},"38":{"start":{"line":50,"column":4},"end":{"line":50,"column":30}},"39":{"start":{"line":51,"column":9},"end":{"line":108,"column":3}},"40":{"start":{"line":52,"column":4},"end":{"line":52,"column":26}},"41":{"start":{"line":53,"column":4},"end":{"line":53,"column":41}},"42":{"start":{"line":57,"column":7},"end":{"line":108,"column":3}},"43":{"start":{"line":58,"column":4},"end":{"line":58,"column":26}},"44":{"start":{"line":59,"column":4},"end":{"line":59,"column":36}},"45":{"start":{"line":60,"column":9},"end":{"line":108,"column":3}},"46":{"start":{"line":61,"column":4},"end":{"line":61,"column":26}},"47":{"start":{"line":62,"column":4},"end":{"line":62,"column":45}},"48":{"start":{"line":63,"column":9},"end":{"line":108,"column":3}},"49":{"start":{"line":64,"column":4},"end":{"line":64,"column":26}},"50":{"start":{"line":65,"column":4},"end":{"line":65,"column":55}},"51":{"start":{"line":69,"column":7},"end":{"line":108,"column":3}},"52":{"start":{"line":70,"column":4},"end":{"line":70,"column":28}},"53":{"start":{"line":71,"column":4},"end":{"line":71,"column":40}},"54":{"start":{"line":72,"column":9},"end":{"line":108,"column":3}},"55":{"start":{"line":73,"column":4},"end":{"line":73,"column":28}},"56":{"start":{"line":74,"column":4},"end":{"line":74,"column":44}},"57":{"start":{"line":75,"column":9},"end":{"line":108,"column":3}},"58":{"start":{"line":76,"column":4},"end":{"line":76,"column":28}},"59":{"start":{"line":77,"column":4},"end":{"line":77,"column":38}},"60":{"start":{"line":78,"column":9},"end":{"line":108,"column":3}},"61":{"start":{"line":79,"column":4},"end":{"line":79,"column":28}},"62":{"start":{"line":80,"column":4},"end":{"line":80,"column":43}},"63":{"start":{"line":81,"column":9},"end":{"line":108,"column":3}},"64":{"start":{"line":82,"column":4},"end":{"line":82,"column":28}},"65":{"start":{"line":83,"column":4},"end":{"line":83,"column":39}},"66":{"start":{"line":87,"column":7},"end":{"line":108,"column":3}},"67":{"start":{"line":88,"column":4},"end":{"line":93,"column":5}},"68":{"start":{"line":89,"column":6},"end":{"line":89,"column":38}},"69":{"start":{"line":91,"column":6},"end":{"line":91,"column":28}},"70":{"start":{"line":92,"column":6},"end":{"line":92,"column":50}},"71":{"start":{"line":94,"column":9},"end":{"line":108,"column":3}},"72":{"start":{"line":95,"column":4},"end":{"line":100,"column":5}},"73":{"start":{"line":96,"column":6},"end":{"line":96,"column":40}},"74":{"start":{"line":98,"column":6},"end":{"line":98,"column":28}},"75":{"start":{"line":99,"column":6},"end":{"line":99,"column":52}},"76":{"start":{"line":101,"column":9},"end":{"line":108,"column":3}},"77":{"start":{"line":102,"column":4},"end":{"line":107,"column":5}},"78":{"start":{"line":103,"column":6},"end":{"line":103,"column":49}},"79":{"start":{"line":105,"column":6},"end":{"line":105,"column":28}},"80":{"start":{"line":106,"column":6},"end":{"line":106,"column":47}},"81":{"start":{"line":110,"column":2},"end":{"line":110,"column":57}},"82":{"start":{"line":113,"column":0},"end":{"line":113,"column":36}}},"fnMap":{"0":{"name":"normalizeQuery","decl":{"start":{"line":2,"column":9},"end":{"line":2,"column":23}},"loc":{"start":{"line":2,"column":47},"end":{"line":111,"column":1}},"line":2}},"branchMap":{"0":{"loc":{"start":{"line":3,"column":19},"end":{"line":3,"column":33}},"type":"binary-expr","locations":[{"start":{"line":3,"column":19},"end":{"line":3,"column":27}},{"start":{"line":3,"column":31},"end":{"line":3,"column":33}}],"line":3},"1":{"loc":{"start":{"line":4,"column":19},"end":{"line":4,"column":36}},"type":"binary-expr","locations":[{"start":{"line":4,"column":19},"end":{"line":4,"column":30}},{"start":{"line":4,"column":34},"end":{"line":4,"column":36}}],"line":4},"2":{"loc":{"start":{"line":10,"column":2},"end":{"line":18,"column":3}},"type":"if","locations":[{"start":{"line":10,"column":2},"end":{"line":18,"column":3}},{"start":{"line":12,"column":9},"end":{"line":18,"column":3}}],"line":10},"3":{"loc":{"start":{"line":10,"column":6},"end":{"line":10,"column":105}},"type":"binary-expr","locations":[{"start":{"line":10,"column":6},"end":{"line":10,"column":29}},{"start":{"line":10,"column":33},"end":{"line":10,"column":66}},{"start":{"line":10,"column":70},"end":{"line":10,"column":105}}],"line":10},"4":{"loc":{"start":{"line":12,"column":9},"end":{"line":18,"column":3}},"type":"if","locations":[{"start":{"line":12,"column":9},"end":{"line":18,"column":3}},{"start":{"line":14,"column":9},"end":{"line":18,"column":3}}],"line":12},"5":{"loc":{"start":{"line":14,"column":9},"end":{"line":18,"column":3}},"type":"if","locations":[{"start":{"line":14,"column":9},"end":{"line":18,"column":3}},{"start":{"line":16,"column":9},"end":{"line":18,"column":3}}],"line":14},"6":{"loc":{"start":{"line":16,"column":9},"end":{"line":18,"column":3}},"type":"if","locations":[{"start":{"line":16,"column":9},"end":{"line":18,"column":3}},{"start":{},"end":{}}],"line":16},"7":{"loc":{"start":{"line":21,"column":2},"end":{"line":108,"column":3}},"type":"if","locations":[{"start":{"line":21,"column":2},"end":{"line":108,"column":3}},{"start":{"line":24,"column":9},"end":{"line":108,"column":3}}],"line":21},"8":{"loc":{"start":{"line":21,"column":6},"end":{"line":21,"column":103}},"type":"binary-expr","locations":[{"start":{"line":21,"column":6},"end":{"line":21,"column":36}},{"start":{"line":21,"column":40},"end":{"line":21,"column":69}},{"start":{"line":21,"column":73},"end":{"line":21,"column":103}}],"line":21},"9":{"loc":{"start":{"line":24,"column":9},"end":{"line":108,"column":3}},"type":"if","locations":[{"start":{"line":24,"column":9},"end":{"line":108,"column":3}},{"start":{"line":27,"column":9},"end":{"line":108,"column":3}}],"line":24},"10":{"loc":{"start":{"line":24,"column":13},"end":{"line":24,"column":90}},"type":"binary-expr","locations":[{"start":{"line":24,"column":13},"end":{"line":24,"column":49}},{"start":{"line":24,"column":53},"end":{"line":24,"column":90}}],"line":24},"11":{"loc":{"start":{"line":27,"column":9},"end":{"line":108,"column":3}},"type":"if","locations":[{"start":{"line":27,"column":9},"end":{"line":108,"column":3}},{"start":{"line":30,"column":9},"end":{"line":108,"column":3}}],"line":27},"12":{"loc":{"start":{"line":30,"column":9},"end":{"line":108,"column":3}},"type":"if","locations":[{"start":{"line":30,"column":9},"end":{"line":108,"column":3}},{"start":{"line":33,"column":9},"end":{"line":108,"column":3}}],"line":30},"13":{"loc":{"start":{"line":33,"column":9},"end":{"line":108,"column":3}},"type":"if","locations":[{"start":{"line":33,"column":9},"end":{"line":108,"column":3}},{"start":{"line":36,"column":9},"end":{"line":108,"column":3}}],"line":33},"14":{"loc":{"start":{"line":36,"column":9},"end":{"line":108,"column":3}},"type":"if","locations":[{"start":{"line":36,"column":9},"end":{"line":108,"column":3}},{"start":{"line":39,"column":9},"end":{"line":108,"column":3}}],"line":36},"15":{"loc":{"start":{"line":39,"column":9},"end":{"line":108,"column":3}},"type":"if","locations":[{"start":{"line":39,"column":9},"end":{"line":108,"column":3}},{"start":{"line":42,"column":9},"end":{"line":108,"column":3}}],"line":39},"16":{"loc":{"start":{"line":39,"column":13},"end":{"line":39,"column":93}},"type":"binary-expr","locations":[{"start":{"line":39,"column":13},"end":{"line":39,"column":48}},{"start":{"line":39,"column":52},"end":{"line":39,"column":93}}],"line":39},"17":{"loc":{"start":{"line":42,"column":9},"end":{"line":108,"column":3}},"type":"if","locations":[{"start":{"line":42,"column":9},"end":{"line":108,"column":3}},{"start":{"line":48,"column":7},"end":{"line":108,"column":3}}],"line":42},"18":{"loc":{"start":{"line":48,"column":7},"end":{"line":108,"column":3}},"type":"if","locations":[{"start":{"line":48,"column":7},"end":{"line":108,"column":3}},{"start":{"line":51,"column":9},"end":{"line":108,"column":3}}],"line":48},"19":{"loc":{"start":{"line":48,"column":11},"end":{"line":48,"column":61}},"type":"binary-expr","locations":[{"start":{"line":48,"column":11},"end":{"line":48,"column":31}},{"start":{"line":48,"column":35},"end":{"line":48,"column":61}}],"line":48},"20":{"loc":{"start":{"line":51,"column":9},"end":{"line":108,"column":3}},"type":"if","locations":[{"start":{"line":51,"column":9},"end":{"line":108,"column":3}},{"start":{"line":57,"column":7},"end":{"line":108,"column":3}}],"line":51},"21":{"loc":{"start":{"line":51,"column":13},"end":{"line":51,"column":98}},"type":"binary-expr","locations":[{"start":{"line":51,"column":13},"end":{"line":51,"column":50}},{"start":{"line":51,"column":54},"end":{"line":51,"column":98}}],"line":51},"22":{"loc":{"start":{"line":57,"column":7},"end":{"line":108,"column":3}},"type":"if","locations":[{"start":{"line":57,"column":7},"end":{"line":108,"column":3}},{"start":{"line":60,"column":9},"end":{"line":108,"column":3}}],"line":57},"23":{"loc":{"start":{"line":57,"column":11},"end":{"line":57,"column":118}},"type":"binary-expr","locations":[{"start":{"line":57,"column":11},"end":{"line":57,"column":43}},{"start":{"line":57,"column":47},"end":{"line":57,"column":80}},{"start":{"line":57,"column":84},"end":{"line":57,"column":118}}],"line":57},"24":{"loc":{"start":{"line":60,"column":9},"end":{"line":108,"column":3}},"type":"if","locations":[{"start":{"line":60,"column":9},"end":{"line":108,"column":3}},{"start":{"line":63,"column":9},"end":{"line":108,"column":3}}],"line":60},"25":{"loc":{"start":{"line":60,"column":13},"end":{"line":60,"column":153}},"type":"binary-expr","locations":[{"start":{"line":60,"column":13},"end":{"line":60,"column":54}},{"start":{"line":60,"column":58},"end":{"line":60,"column":100}},{"start":{"line":60,"column":104},"end":{"line":60,"column":153}}],"line":60},"26":{"loc":{"start":{"line":63,"column":9},"end":{"line":108,"column":3}},"type":"if","locations":[{"start":{"line":63,"column":9},"end":{"line":108,"column":3}},{"start":{"line":69,"column":7},"end":{"line":108,"column":3}}],"line":63},"27":{"loc":{"start":{"line":63,"column":13},"end":{"line":63,"column":205}},"type":"binary-expr","locations":[{"start":{"line":63,"column":13},"end":{"line":63,"column":64}},{"start":{"line":63,"column":68},"end":{"line":63,"column":120}},{"start":{"line":63,"column":124},"end":{"line":63,"column":157}},{"start":{"line":63,"column":161},"end":{"line":63,"column":205}}],"line":63},"28":{"loc":{"start":{"line":69,"column":7},"end":{"line":108,"column":3}},"type":"if","locations":[{"start":{"line":69,"column":7},"end":{"line":108,"column":3}},{"start":{"line":72,"column":9},"end":{"line":108,"column":3}}],"line":69},"29":{"loc":{"start":{"line":69,"column":11},"end":{"line":69,"column":94}},"type":"binary-expr","locations":[{"start":{"line":69,"column":11},"end":{"line":69,"column":47}},{"start":{"line":69,"column":51},"end":{"line":69,"column":94}}],"line":69},"30":{"loc":{"start":{"line":72,"column":9},"end":{"line":108,"column":3}},"type":"if","locations":[{"start":{"line":72,"column":9},"end":{"line":108,"column":3}},{"start":{"line":75,"column":9},"end":{"line":108,"column":3}}],"line":72},"31":{"loc":{"start":{"line":75,"column":9},"end":{"line":108,"column":3}},"type":"if","locations":[{"start":{"line":75,"column":9},"end":{"line":108,"column":3}},{"start":{"line":78,"column":9},"end":{"line":108,"column":3}}],"line":75},"32":{"loc":{"start":{"line":78,"column":9},"end":{"line":108,"column":3}},"type":"if","locations":[{"start":{"line":78,"column":9},"end":{"line":108,"column":3}},{"start":{"line":81,"column":9},"end":{"line":108,"column":3}}],"line":78},"33":{"loc":{"start":{"line":78,"column":13},"end":{"line":78,"column":96}},"type":"binary-expr","locations":[{"start":{"line":78,"column":13},"end":{"line":78,"column":52}},{"start":{"line":78,"column":56},"end":{"line":78,"column":96}}],"line":78},"34":{"loc":{"start":{"line":81,"column":9},"end":{"line":108,"column":3}},"type":"if","locations":[{"start":{"line":81,"column":9},"end":{"line":108,"column":3}},{"start":{"line":87,"column":7},"end":{"line":108,"column":3}}],"line":81},"35":{"loc":{"start":{"line":87,"column":7},"end":{"line":108,"column":3}},"type":"if","locations":[{"start":{"line":87,"column":7},"end":{"line":108,"column":3}},{"start":{"line":94,"column":9},"end":{"line":108,"column":3}}],"line":87},"36":{"loc":{"start":{"line":87,"column":11},"end":{"line":87,"column":172}},"type":"binary-expr","locations":[{"start":{"line":87,"column":11},"end":{"line":87,"column":55}},{"start":{"line":87,"column":59},"end":{"line":87,"column":104}},{"start":{"line":87,"column":108},"end":{"line":87,"column":136}},{"start":{"line":87,"column":140},"end":{"line":87,"column":172}}],"line":87},"37":{"loc":{"start":{"line":88,"column":4},"end":{"line":93,"column":5}},"type":"if","locations":[{"start":{"line":88,"column":4},"end":{"line":93,"column":5}},{"start":{"line":90,"column":11},"end":{"line":93,"column":5}}],"line":88},"38":{"loc":{"start":{"line":94,"column":9},"end":{"line":108,"column":3}},"type":"if","locations":[{"start":{"line":94,"column":9},"end":{"line":108,"column":3}},{"start":{"line":101,"column":9},"end":{"line":108,"column":3}}],"line":94},"39":{"loc":{"start":{"line":94,"column":13},"end":{"line":94,"column":235}},"type":"binary-expr","locations":[{"start":{"line":94,"column":13},"end":{"line":94,"column":59}},{"start":{"line":94,"column":63},"end":{"line":94,"column":110}},{"start":{"line":94,"column":114},"end":{"line":94,"column":162}},{"start":{"line":94,"column":166},"end":{"line":94,"column":197}},{"start":{"line":94,"column":201},"end":{"line":94,"column":235}}],"line":94},"40":{"loc":{"start":{"line":95,"column":4},"end":{"line":100,"column":5}},"type":"if","locations":[{"start":{"line":95,"column":4},"end":{"line":100,"column":5}},{"start":{"line":97,"column":11},"end":{"line":100,"column":5}}],"line":95},"41":{"loc":{"start":{"line":101,"column":9},"end":{"line":108,"column":3}},"type":"if","locations":[{"start":{"line":101,"column":9},"end":{"line":108,"column":3}},{"start":{},"end":{}}],"line":101},"42":{"loc":{"start":{"line":101,"column":13},"end":{"line":101,"column":173}},"type":"binary-expr","locations":[{"start":{"line":101,"column":13},"end":{"line":101,"column":42}},{"start":{"line":101,"column":46},"end":{"line":101,"column":79}},{"start":{"line":101,"column":83},"end":{"line":101,"column":126}},{"start":{"line":101,"column":130},"end":{"line":101,"column":173}}],"line":101},"43":{"loc":{"start":{"line":102,"column":4},"end":{"line":107,"column":5}},"type":"if","locations":[{"start":{"line":102,"column":4},"end":{"line":107,"column":5}},{"start":{"line":104,"column":11},"end":{"line":107,"column":5}}],"line":102}},"s":{"0":20,"1":20,"2":20,"3":20,"4":20,"5":2,"6":18,"7":0,"8":18,"9":3,"10":15,"11":3,"12":20,"13":2,"14":2,"15":18,"16":1,"17":1,"18":17,"19":1,"20":1,"21":16,"22":0,"23":0,"24":16,"25":0,"26":0,"27":16,"28":0,"29":0,"30":16,"31":1,"32":1,"33":15,"34":0,"35":0,"36":15,"37":1,"38":1,"39":14,"40":1,"41":1,"42":13,"43":1,"44":1,"45":12,"46":1,"47":1,"48":11,"49":1,"50":1,"51":10,"52":1,"53":1,"54":9,"55":0,"56":0,"57":9,"58":0,"59":0,"60":9,"61":1,"62":1,"63":8,"64":1,"65":1,"66":7,"67":3,"68":1,"69":2,"70":2,"71":4,"72":2,"73":1,"74":1,"75":1,"76":2,"77":2,"78":1,"79":1,"80":1,"81":20,"82":2},"f":{"0":20},"b":{"0":[20,12],"1":[20,0],"2":[2,18],"3":[20,18,18],"4":[0,18],"5":[3,15],"6":[3,12],"7":[2,18],"8":[20,19,18],"9":[1,17],"10":[18,17],"11":[1,16],"12":[0,16],"13":[0,16],"14":[0,16],"15":[1,15],"16":[16,16],"17":[0,15],"18":[1,14],"19":[15,14],"20":[1,13],"21":[14,14],"22":[1,12],"23":[13,13,12],"24":[1,11],"25":[12,12,12],"26":[1,10],"27":[11,11,11,11],"28":[1,9],"29":[10,9],"30":[0,9],"31":[0,9],"32":[1,8],"33":[9,9],"34":[1,7],"35":[3,4],"36":[7,7,6,6],"37":[1,2],"38":[2,2],"39":[4,4,4,4,4],"40":[1,1],"41":[2,0],"42":[2,2,0,0],"43":[1,1]},"_coverageSchema":"1a1c01bbd47fc00a2c39e90264f33305004495a9","hash":"e12fa317334dd1e39fc29c931931c1f1982b04e1"}
}
