TN:
SF:src\controllers\authController.js
FN:7,login
FN:62,dashboard
FN:106,(anonymous_2)
FN:121,(anonymous_3)
FN:127,(anonymous_4)
FN:134,(anonymous_5)
FN:171,(anonymous_6)
FN:185,(anonymous_7)
FN:196,(anonymous_8)
FN:214,(anonymous_9)
FN:256,(anonymous_10)
FN:318,signup
FN:346,listStudents
FN:355,updateProfile
FNF:14
FNH:13
FNDA:6,login
FNDA:12,dashboard
FNDA:62,(anonymous_2)
FNDA:4,(anonymous_3)
FNDA:4,(anonymous_4)
FNDA:62,(anonymous_5)
FNDA:62,(anonymous_6)
FNDA:12,(anonymous_7)
FNDA:62,(anonymous_8)
FNDA:40,(anonymous_9)
FNDA:24,(anonymous_10)
FNDA:6,signup
FNDA:0,listStudents
FNDA:3,updateProfile
DA:1,3
DA:2,3
DA:3,3
DA:4,3
DA:5,3
DA:8,6
DA:9,6
DA:10,6
DA:11,1
DA:15,5
DA:16,5
DA:18,1
DA:24,4
DA:25,4
DA:26,3
DA:27,1
DA:30,2
DA:31,2
DA:37,2
DA:58,1
DA:63,12
DA:64,12
DA:65,12
DA:66,1
DA:70,11
DA:74,10
DA:77,10
DA:89,10
DA:92,10
DA:98,10
DA:101,10
DA:104,10
DA:105,10
DA:106,62
DA:107,6
DA:108,4
DA:109,1
DA:113,10
DA:114,10
DA:115,6
DA:116,6
DA:117,6
DA:121,10
DA:124,10
DA:127,10
DA:128,4
DA:129,4
DA:130,4
DA:134,10
DA:135,62
DA:136,62
DA:137,62
DA:138,0
DA:139,0
DA:140,0
DA:142,0
DA:145,62
DA:146,62
DA:147,5
DA:148,57
DA:149,50
DA:150,7
DA:151,5
DA:152,2
DA:153,2
DA:155,0
DA:160,10
DA:161,10
DA:162,10
DA:163,3
DA:164,7
DA:165,4
DA:169,10
DA:170,10
DA:171,10
DA:172,62
DA:173,62
DA:174,62
DA:175,62
DA:176,62
DA:177,62
DA:178,12
DA:180,62
DA:181,62
DA:185,10
DA:186,12
DA:193,10
DA:194,10
DA:196,10
DA:197,62
DA:198,62
DA:199,62
DA:200,0
DA:201,0
DA:202,0
DA:204,0
DA:208,62
DA:209,62
DA:210,62
DA:214,10
DA:215,40
DA:216,40
DA:223,10
DA:224,10
DA:225,10
DA:226,10
DA:228,10
DA:238,10
DA:239,10
DA:240,4
DA:247,6
DA:254,6
DA:255,6
DA:256,6
DA:257,24
DA:258,9
DA:259,9
DA:263,6
DA:264,3
DA:270,3
DA:271,3
DA:277,0
DA:278,0
DA:285,0
DA:294,10
DA:314,1
DA:319,6
DA:320,6
DA:321,6
DA:322,2
DA:325,4
DA:326,3
DA:327,1
DA:333,2
DA:334,2
DA:336,2
DA:342,1
DA:347,0
DA:348,0
DA:349,0
DA:351,0
DA:356,3
DA:357,3
DA:358,3
DA:360,3
DA:361,1
DA:364,2
DA:378,2
DA:379,1
DA:382,1
DA:402,0
DA:406,3
LF:152
LH:135
BRDA:10,0,0,1
BRDA:10,0,1,5
BRDA:26,1,0,1
BRDA:26,1,1,2
BRDA:30,2,0,2
BRDA:30,2,1,0
BRDA:45,3,0,2
BRDA:45,3,1,2
BRDA:46,4,0,2
BRDA:46,4,1,2
BRDA:47,5,0,2
BRDA:47,5,1,0
BRDA:48,6,0,2
BRDA:48,6,1,2
BRDA:49,7,0,2
BRDA:49,7,1,2
BRDA:50,8,0,2
BRDA:50,8,1,2
BRDA:51,9,0,2
BRDA:51,9,1,2
BRDA:52,10,0,2
BRDA:52,10,1,2
BRDA:53,11,0,2
BRDA:53,11,1,2
BRDA:54,12,0,2
BRDA:54,12,1,0
BRDA:65,13,0,1
BRDA:65,13,1,11
BRDA:74,14,0,10
BRDA:74,14,1,0
BRDA:105,15,0,6
BRDA:105,15,1,4
BRDA:106,16,0,62
BRDA:106,16,1,0
BRDA:108,17,0,1
BRDA:108,17,1,3
BRDA:108,18,0,4
BRDA:108,18,1,1
BRDA:114,19,0,6
BRDA:114,19,1,4
BRDA:115,20,0,6
BRDA:115,20,1,0
BRDA:116,21,0,6
BRDA:116,21,1,0
BRDA:128,22,0,4
BRDA:128,22,1,0
BRDA:129,23,0,4
BRDA:129,23,1,3
BRDA:136,24,0,62
BRDA:136,24,1,3
BRDA:137,25,0,0
BRDA:137,25,1,62
BRDA:139,26,0,0
BRDA:139,26,1,0
BRDA:139,27,0,0
BRDA:139,27,1,0
BRDA:145,28,0,62
BRDA:145,28,1,0
BRDA:146,29,0,5
BRDA:146,29,1,57
BRDA:148,30,0,50
BRDA:148,30,1,7
BRDA:150,31,0,5
BRDA:150,31,1,2
BRDA:152,32,0,2
BRDA:152,32,1,0
BRDA:162,33,0,3
BRDA:162,33,1,7
BRDA:164,34,0,4
BRDA:164,34,1,3
BRDA:172,35,0,62
BRDA:172,35,1,0
BRDA:177,36,0,12
BRDA:177,36,1,50
BRDA:180,37,0,62
BRDA:180,37,1,0
BRDA:198,38,0,62
BRDA:198,38,1,3
BRDA:199,39,0,0
BRDA:199,39,1,62
BRDA:201,40,0,0
BRDA:201,40,1,0
BRDA:201,41,0,0
BRDA:201,41,1,0
BRDA:208,42,0,62
BRDA:208,42,1,0
BRDA:209,43,0,62
BRDA:209,43,1,0
BRDA:215,44,0,9
BRDA:215,44,1,31
BRDA:223,45,0,3
BRDA:223,45,1,7
BRDA:224,46,0,1
BRDA:224,46,1,9
BRDA:225,47,0,3
BRDA:225,47,1,7
BRDA:226,48,0,2
BRDA:226,48,1,8
BRDA:229,49,0,10
BRDA:229,49,1,7
BRDA:230,50,0,10
BRDA:230,50,1,7
BRDA:231,51,0,10
BRDA:231,51,1,9
BRDA:232,52,0,10
BRDA:232,52,1,6
BRDA:233,53,0,10
BRDA:233,53,1,9
BRDA:234,54,0,10
BRDA:234,54,1,4
BRDA:239,55,0,4
BRDA:239,55,1,6
BRDA:257,56,0,9
BRDA:257,56,1,15
BRDA:263,57,0,3
BRDA:263,57,1,3
BRDA:270,58,0,3
BRDA:270,58,1,0
BRDA:277,59,0,0
BRDA:277,59,1,0
BRDA:295,60,0,10
BRDA:295,60,1,7
BRDA:296,61,0,10
BRDA:296,61,1,7
BRDA:308,62,0,10
BRDA:308,62,1,7
BRDA:309,63,0,10
BRDA:309,63,1,7
BRDA:321,64,0,2
BRDA:321,64,1,4
BRDA:321,65,0,6
BRDA:321,65,1,5
BRDA:326,66,0,1
BRDA:326,66,1,2
BRDA:360,67,0,1
BRDA:360,67,1,2
BRDA:378,68,0,1
BRDA:378,68,1,1
BRDA:389,69,0,1
BRDA:389,69,1,0
BRDA:390,70,0,1
BRDA:390,70,1,1
BRDA:391,71,0,1
BRDA:391,71,1,1
BRDA:392,72,0,1
BRDA:392,72,1,1
BRDA:393,73,0,1
BRDA:393,73,1,1
BRDA:394,74,0,1
BRDA:394,74,1,1
BRDA:395,75,0,1
BRDA:395,75,1,1
BRDA:396,76,0,1
BRDA:396,76,1,1
BRDA:397,77,0,1
BRDA:397,77,1,1
BRDA:398,78,0,1
BRDA:398,78,1,0
BRF:158
BRH:129
end_of_record
TN:
SF:src\controllers\mockTestController.js
FN:3,listMockTests
FN:12,getMockTestById
FN:25,getQuestionsForMockTest
FN:35,startMockTestAttempt
FN:52,listMockTestAttempts
FN:63,updateAttemptProgress
FN:88,submitMockTestAttempt
FNF:7
FNH:6
FNDA:2,listMockTests
FNDA:2,getMockTestById
FNDA:0,getQuestionsForMockTest
FNDA:4,startMockTestAttempt
FNDA:3,listMockTestAttempts
FNDA:5,updateAttemptProgress
FNDA:6,submitMockTestAttempt
DA:1,2
DA:4,2
DA:5,2
DA:6,1
DA:8,1
DA:13,2
DA:14,2
DA:15,2
DA:16,2
DA:17,1
DA:19,1
DA:21,0
DA:26,0
DA:27,0
DA:28,0
DA:29,0
DA:31,0
DA:36,4
DA:37,4
DA:38,4
DA:39,4
DA:40,2
DA:42,2
DA:43,1
DA:45,1
DA:46,1
DA:48,0
DA:53,3
DA:54,3
DA:55,3
DA:56,3
DA:57,3
DA:59,0
DA:64,5
DA:65,5
DA:66,5
DA:67,5
DA:69,5
DA:70,4
DA:71,1
DA:73,3
DA:74,1
DA:77,2
DA:82,2
DA:84,1
DA:89,6
DA:90,6
DA:91,6
DA:99,6
DA:101,6
DA:102,5
DA:103,1
DA:105,4
DA:106,1
DA:109,3
DA:110,3
DA:111,3
DA:112,3
DA:113,3
DA:114,3
DA:116,3
DA:124,3
DA:126,1
DA:130,2
LF:64
LH:56
BRDA:16,0,0,1
BRDA:16,0,1,1
BRDA:42,1,0,1
BRDA:42,1,1,1
BRDA:45,2,0,1
BRDA:45,2,1,0
BRDA:70,3,0,1
BRDA:70,3,1,3
BRDA:73,4,0,1
BRDA:73,4,1,2
BRDA:73,5,0,3
BRDA:73,5,1,2
BRDA:102,6,0,1
BRDA:102,6,1,4
BRDA:105,7,0,1
BRDA:105,7,1,3
BRDA:105,8,0,4
BRDA:105,8,1,3
BRDA:109,9,0,3
BRDA:109,9,1,1
BRDA:110,10,0,2
BRDA:110,10,1,1
BRDA:111,11,0,2
BRDA:111,11,1,1
BRDA:112,12,0,2
BRDA:112,12,1,1
BRDA:113,13,0,2
BRDA:113,13,1,1
BRDA:114,14,0,2
BRDA:114,14,1,1
BRF:30
BRH:29
end_of_record
TN:
SF:src\controllers\notificationController.js
FN:3,registerToken
FN:19,testTrigger
FN:35,simulateCronTrigger
FN:72,sendBroadcastNotification
FN:96,getSubscribersCount
FNF:5
FNH:5
FNDA:4,registerToken
FNDA:2,testTrigger
FNDA:4,simulateCronTrigger
FNDA:3,sendBroadcastNotification
FNDA:2,getSubscribersCount
DA:1,1
DA:4,4
DA:5,4
DA:6,4
DA:8,4
DA:9,1
DA:12,3
DA:13,2
DA:15,1
DA:20,2
DA:21,2
DA:22,2
DA:24,2
DA:25,1
DA:28,1
DA:29,1
DA:31,0
DA:36,4
DA:37,4
DA:39,4
DA:40,1
DA:43,3
DA:44,3
DA:46,3
DA:47,1
DA:48,1
DA:49,2
DA:50,1
DA:51,1
DA:52,1
DA:53,1
DA:54,1
DA:56,0
DA:57,0
DA:60,3
DA:66,3
DA:68,0
DA:73,3
DA:74,3
DA:75,3
DA:76,1
DA:79,2
DA:80,2
DA:81,1
DA:84,1
DA:90,1
DA:92,0
DA:97,2
DA:98,2
DA:99,2
DA:100,1
DA:103,1
DA:104,1
DA:106,0
DA:110,1
LF:55
LH:49
BRDA:8,0,0,1
BRDA:8,0,1,3
BRDA:12,1,0,3
BRDA:12,1,1,2
BRDA:24,2,0,1
BRDA:24,2,1,1
BRDA:39,3,0,1
BRDA:39,3,1,3
BRDA:46,4,0,1
BRDA:46,4,1,2
BRDA:49,5,0,1
BRDA:49,5,1,1
BRDA:52,6,0,1
BRDA:52,6,1,0
BRDA:75,7,0,1
BRDA:75,7,1,2
BRDA:80,8,0,1
BRDA:80,8,1,1
BRDA:80,9,0,2
BRDA:80,9,1,1
BRDA:87,10,0,1
BRDA:87,10,1,1
BRDA:99,11,0,1
BRDA:99,11,1,1
BRF:24
BRH:23
end_of_record
TN:
SF:src\controllers\questionController.js
FN:4,listQuestions
FN:18,listSections
FN:27,getQuestionById
FN:40,submitAnswer
FN:98,(anonymous_4)
FN:154,cleanText
FN:162,evaluateSpeech
FN:182,(anonymous_7)
FN:216,getTargetText
FN:233,evaluateReadingOrListening
FN:280,(anonymous_10)
FN:281,(anonymous_11)
FN:284,(anonymous_12)
FN:288,(anonymous_13)
FN:365,(anonymous_14)
FN:406,(anonymous_15)
FN:407,(anonymous_16)
FN:410,(anonymous_17)
FN:412,(anonymous_18)
FN:439,cleanOption
FN:448,stripOptionPrefix
FN:456,splitAnswers
FN:459,(anonymous_22)
FN:463,cleanTextSimple
FN:471,createQuestion
FN:548,updateQuestion
FN:569,deleteQuestion
FNF:27
FNH:16
FNDA:3,listQuestions
FNDA:0,listSections
FNDA:3,getQuestionById
FNDA:17,submitAnswer
FNDA:5,(anonymous_4)
FNDA:6,cleanText
FNDA:3,evaluateSpeech
FNDA:12,(anonymous_7)
FNDA:3,getTargetText
FNDA:5,evaluateReadingOrListening
FNDA:0,(anonymous_10)
FNDA:0,(anonymous_11)
FNDA:0,(anonymous_12)
FNDA:0,(anonymous_13)
FNDA:12,(anonymous_14)
FNDA:0,(anonymous_15)
FNDA:0,(anonymous_16)
FNDA:0,(anonymous_17)
FNDA:0,(anonymous_18)
FNDA:6,cleanOption
FNDA:6,stripOptionPrefix
FNDA:0,splitAnswers
FNDA:0,(anonymous_22)
FNDA:10,cleanTextSimple
FNDA:16,createQuestion
FNDA:4,updateQuestion
FNDA:4,deleteQuestion
DA:1,2
DA:2,2
DA:5,3
DA:6,3
DA:7,3
DA:8,3
DA:12,2
DA:14,1
DA:19,0
DA:20,0
DA:21,0
DA:23,0
DA:28,3
DA:29,3
DA:30,3
DA:31,2
DA:36,1
DA:41,17
DA:42,17
DA:43,17
DA:45,17
DA:46,1
DA:49,16
DA:50,16
DA:51,1
DA:54,15
DA:55,15
DA:56,15
DA:57,15
DA:58,15
DA:60,15
DA:61,15
DA:62,15
DA:63,15
DA:64,15
DA:65,15
DA:67,15
DA:69,15
DA:70,1
DA:71,1
DA:72,1
DA:73,1
DA:74,1
DA:75,14
DA:76,3
DA:77,3
DA:78,3
DA:79,3
DA:80,3
DA:81,3
DA:82,3
DA:83,11
DA:84,6
DA:85,6
DA:86,6
DA:87,6
DA:88,6
DA:89,6
DA:90,2
DA:91,2
DA:94,6
DA:96,6
DA:97,6
DA:98,5
DA:99,2
DA:100,1
DA:104,6
DA:105,1
DA:106,1
DA:107,1
DA:108,5
DA:109,2
DA:110,2
DA:111,2
DA:113,3
DA:114,3
DA:115,3
DA:116,3
DA:117,3
DA:119,3
DA:120,3
DA:121,3
DA:122,3
DA:124,5
DA:125,5
DA:126,5
DA:127,5
DA:128,5
DA:131,15
DA:140,15
DA:150,0
DA:155,6
DA:163,3
DA:164,3
DA:166,3
DA:167,0
DA:176,3
DA:177,3
DA:179,3
DA:180,3
DA:182,3
DA:183,12
DA:184,6
DA:186,6
DA:190,3
DA:194,3
DA:196,3
DA:197,3
DA:198,1
DA:199,2
DA:200,0
DA:201,2
DA:202,1
DA:204,1
DA:207,3
DA:217,3
DA:218,3
DA:220,0
DA:222,0
DA:223,0
DA:224,0
DA:227,0
DA:234,5
DA:235,5
DA:236,5
DA:238,5
DA:239,0
DA:246,5
DA:247,5
DA:248,5
DA:249,5
DA:250,5
DA:251,5
DA:252,5
DA:254,5
DA:255,3
DA:256,3
DA:258,3
DA:259,3
DA:261,3
DA:262,3
DA:264,3
DA:265,2
DA:271,1
DA:279,2
DA:280,0
DA:281,0
DA:283,0
DA:284,0
DA:285,0
DA:286,0
DA:288,0
DA:289,0
DA:290,0
DA:292,0
DA:293,0
DA:295,0
DA:296,0
DA:298,0
DA:301,0
DA:302,0
DA:306,0
DA:307,0
DA:308,0
DA:310,0
DA:311,0
DA:312,0
DA:313,0
DA:314,0
DA:316,0
DA:319,0
DA:322,2
DA:323,0
DA:324,0
DA:326,0
DA:327,0
DA:333,0
DA:341,2
DA:342,0
DA:343,0
DA:345,0
DA:346,0
DA:352,0
DA:360,2
DA:361,2
DA:362,2
DA:364,2
DA:365,2
DA:366,12
DA:369,2
DA:370,2
DA:372,2
DA:373,2
DA:374,1
DA:375,1
DA:376,1
DA:378,0
DA:381,2
DA:384,0
DA:385,0
DA:386,0
DA:388,0
DA:389,0
DA:391,0
DA:392,0
DA:393,0
DA:395,0
DA:398,0
DA:405,0
DA:406,0
DA:407,0
DA:409,0
DA:410,0
DA:411,0
DA:412,0
DA:413,0
DA:414,0
DA:418,0
DA:419,0
DA:420,0
DA:422,0
DA:423,0
DA:424,0
DA:426,0
DA:429,0
DA:432,0
DA:440,6
DA:449,6
DA:457,0
DA:459,0
DA:464,10
DA:472,16
DA:473,16
DA:476,16
DA:477,1
DA:479,15
DA:480,1
DA:484,14
DA:485,1
DA:487,13
DA:488,13
DA:489,1
DA:493,12
DA:494,1
DA:496,11
DA:497,11
DA:498,1
DA:502,10
DA:503,1
DA:505,9
DA:506,9
DA:507,1
DA:511,8
DA:512,8
DA:513,1
DA:514,1
DA:519,7
DA:520,1
DA:521,1
DA:522,1
DA:526,6
DA:527,0
DA:529,6
DA:530,1
DA:533,5
DA:542,3
DA:544,2
DA:549,4
DA:550,4
DA:551,4
DA:552,4
DA:553,4
DA:554,1
DA:556,3
DA:563,2
DA:565,1
DA:570,4
DA:571,4
DA:572,4
DA:573,4
DA:574,1
DA:576,3
DA:577,2
DA:579,1
DA:583,2
LF:285
LH:204
BRDA:32,0,0,2
BRDA:32,0,1,1
BRDA:45,1,0,1
BRDA:45,1,1,16
BRDA:50,2,0,1
BRDA:50,2,1,15
BRDA:54,3,0,15
BRDA:54,3,1,15
BRDA:55,4,0,15
BRDA:55,4,1,15
BRDA:60,5,0,15
BRDA:60,5,1,0
BRDA:61,6,0,15
BRDA:61,6,1,0
BRDA:62,7,0,15
BRDA:62,7,1,15
BRDA:62,7,2,6
BRDA:62,7,3,4
BRDA:63,8,0,15
BRDA:63,8,1,11
BRDA:63,8,2,6
BRDA:63,8,3,4
BRDA:69,9,0,1
BRDA:69,9,1,14
BRDA:75,10,0,3
BRDA:75,10,1,11
BRDA:83,11,0,6
BRDA:83,11,1,5
BRDA:84,12,0,6
BRDA:84,12,1,1
BRDA:85,13,0,6
BRDA:85,13,1,0
BRDA:88,14,0,6
BRDA:88,14,1,4
BRDA:89,15,0,2
BRDA:89,15,1,4
BRDA:94,16,0,6
BRDA:94,16,1,4
BRDA:97,17,0,2
BRDA:97,17,1,4
BRDA:98,18,0,2
BRDA:98,18,1,0
BRDA:99,19,0,1
BRDA:99,19,1,1
BRDA:104,20,0,1
BRDA:104,20,1,5
BRDA:108,21,0,2
BRDA:108,21,1,3
BRDA:108,22,0,5
BRDA:108,22,1,3
BRDA:114,23,0,2
BRDA:114,23,1,1
BRDA:115,24,0,1
BRDA:115,24,1,2
BRDA:120,25,0,2
BRDA:120,25,1,1
BRDA:121,26,0,1
BRDA:121,26,1,2
BRDA:121,27,0,3
BRDA:121,27,1,1
BRDA:124,28,0,5
BRDA:124,28,1,0
BRDA:124,29,0,5
BRDA:124,29,1,2
BRDA:155,30,0,6
BRDA:155,30,1,0
BRDA:166,31,0,0
BRDA:166,31,1,3
BRDA:183,32,0,6
BRDA:183,32,1,6
BRDA:190,33,0,3
BRDA:190,33,1,0
BRDA:197,34,0,1
BRDA:197,34,1,2
BRDA:199,35,0,0
BRDA:199,35,1,2
BRDA:201,36,0,1
BRDA:201,36,1,1
BRDA:217,37,0,3
BRDA:217,37,1,0
BRDA:217,38,0,3
BRDA:217,38,1,3
BRDA:217,38,2,3
BRDA:220,39,0,0
BRDA:220,39,1,0
BRDA:223,40,0,0
BRDA:223,40,1,0
BRDA:223,41,0,0
BRDA:223,41,1,0
BRDA:234,42,0,5
BRDA:234,42,1,0
BRDA:235,43,0,5
BRDA:235,43,1,0
BRDA:236,44,0,5
BRDA:236,44,1,0
BRDA:238,45,0,0
BRDA:238,45,1,5
BRDA:238,46,0,5
BRDA:238,46,1,5
BRDA:246,47,0,5
BRDA:246,47,1,2
BRDA:246,47,2,2
BRDA:247,48,0,5
BRDA:247,48,1,0
BRDA:251,49,0,5
BRDA:251,49,1,5
BRDA:254,50,0,3
BRDA:254,50,1,2
BRDA:261,51,0,3
BRDA:261,51,1,3
BRDA:261,51,2,3
BRDA:262,52,0,3
BRDA:262,52,1,3
BRDA:262,52,2,3
BRDA:264,53,0,2
BRDA:264,53,1,1
BRDA:264,54,0,3
BRDA:264,54,1,1
BRDA:279,55,0,0
BRDA:279,55,1,2
BRDA:280,56,0,0
BRDA:280,56,1,0
BRDA:281,57,0,0
BRDA:281,57,1,0
BRDA:292,58,0,0
BRDA:292,58,1,0
BRDA:292,59,0,0
BRDA:292,59,1,0
BRDA:292,59,2,0
BRDA:295,60,0,0
BRDA:295,60,1,0
BRDA:295,61,0,0
BRDA:295,61,1,0
BRDA:295,61,2,0
BRDA:301,62,0,0
BRDA:301,62,1,0
BRDA:307,63,0,0
BRDA:307,63,1,0
BRDA:311,64,0,0
BRDA:311,64,1,0
BRDA:311,65,0,0
BRDA:311,65,1,0
BRDA:313,66,0,0
BRDA:313,66,1,0
BRDA:322,67,0,0
BRDA:322,67,1,2
BRDA:326,68,0,0
BRDA:326,68,1,0
BRDA:341,69,0,0
BRDA:341,69,1,2
BRDA:345,70,0,0
BRDA:345,70,1,0
BRDA:345,71,0,0
BRDA:345,71,1,0
BRDA:360,72,0,2
BRDA:360,72,1,0
BRDA:366,73,0,11
BRDA:366,73,1,1
BRDA:369,74,0,2
BRDA:369,74,1,0
BRDA:373,75,0,1
BRDA:373,75,1,1
BRDA:375,76,0,1
BRDA:375,76,1,0
BRDA:384,77,0,0
BRDA:384,77,1,0
BRDA:386,78,0,0
BRDA:386,78,1,0
BRDA:388,79,0,0
BRDA:388,79,1,0
BRDA:389,80,0,0
BRDA:389,80,1,0
BRDA:392,81,0,0
BRDA:392,81,1,0
BRDA:400,82,0,0
BRDA:400,82,1,0
BRDA:405,83,0,0
BRDA:405,83,1,0
BRDA:413,84,0,0
BRDA:413,84,1,0
BRDA:413,85,0,0
BRDA:413,85,1,0
BRDA:419,86,0,0
BRDA:419,86,1,0
BRDA:423,87,0,0
BRDA:423,87,1,0
BRDA:440,88,0,6
BRDA:440,88,1,0
BRDA:449,89,0,6
BRDA:449,89,1,0
BRDA:457,90,0,0
BRDA:457,90,1,0
BRDA:464,91,0,10
BRDA:464,91,1,0
BRDA:476,92,0,1
BRDA:476,92,1,15
BRDA:476,93,0,16
BRDA:476,93,1,15
BRDA:479,94,0,1
BRDA:479,94,1,14
BRDA:484,95,0,1
BRDA:484,95,1,13
BRDA:484,96,0,14
BRDA:484,96,1,13
BRDA:488,97,0,1
BRDA:488,97,1,12
BRDA:493,98,0,1
BRDA:493,98,1,11
BRDA:493,99,0,12
BRDA:493,99,1,11
BRDA:497,100,0,1
BRDA:497,100,1,10
BRDA:502,101,0,1
BRDA:502,101,1,9
BRDA:502,102,0,10
BRDA:502,102,1,9
BRDA:506,103,0,1
BRDA:506,103,1,8
BRDA:506,104,0,9
BRDA:506,104,1,9
BRDA:506,104,2,9
BRDA:512,105,0,1
BRDA:512,105,1,7
BRDA:513,106,0,1
BRDA:513,106,1,0
BRDA:513,107,0,1
BRDA:513,107,1,1
BRDA:513,107,2,1
BRDA:519,108,0,1
BRDA:519,108,1,6
BRDA:519,109,0,7
BRDA:519,109,1,1
BRDA:521,110,0,1
BRDA:521,110,1,0
BRDA:526,111,0,0
BRDA:526,111,1,6
BRDA:526,112,0,6
BRDA:526,112,1,6
BRDA:529,113,0,1
BRDA:529,113,1,5
BRDA:534,114,0,0
BRDA:534,114,1,5
BRDA:540,115,0,0
BRDA:540,115,1,5
BRDA:540,116,0,0
BRDA:540,116,1,0
BRDA:553,117,0,1
BRDA:553,117,1,3
BRDA:573,118,0,1
BRDA:573,118,1,3
BRF:250
BRH:159
end_of_record
TN:
SF:src\middleware\adminMiddleware.js
FN:1,(anonymous_0)
FNF:1
FNH:1
FNDA:5,(anonymous_0)
DA:1,2
DA:2,5
DA:3,3
DA:5,2
DA:8,2
LF:5
LH:5
BRDA:2,0,0,3
BRDA:2,0,1,2
BRDA:2,1,0,5
BRDA:2,1,1,4
BRF:4
BRH:4
end_of_record
TN:
SF:src\middleware\authMiddleware.js
FN:4,(anonymous_0)
FNF:1
FNH:1
FNDA:7,(anonymous_0)
DA:1,2
DA:2,2
DA:4,2
DA:5,7
DA:6,7
DA:7,2
DA:10,5
DA:11,5
DA:12,1
DA:15,4
DA:16,4
DA:17,3
DA:19,1
DA:23,2
LF:14
LH:14
BRDA:6,0,0,2
BRDA:6,0,1,5
BRDA:11,1,0,1
BRDA:11,1,1,4
BRF:4
BRH:4
end_of_record
TN:
SF:src\middleware\errorHandler.js
FN:3,errorHandler
FNF:1
FNH:1
FNDA:4,errorHandler
DA:4,4
DA:5,4
DA:6,4
DA:12,2
LF:4
LH:4
BRDA:5,0,0,4
BRDA:5,0,1,3
BRDA:7,1,0,4
BRDA:7,1,1,3
BRDA:8,2,0,0
BRDA:8,2,1,4
BRF:6
BRH:5
end_of_record
TN:
SF:src\services\mockTestService.js
FN:36,getCanonicalIndex
FN:39,(anonymous_1)
FN:45,listMockTests
FN:50,getMockTestById
FN:56,getQuestionsForMockTest
FN:106,(anonymous_5)
FN:125,(anonymous_6)
FN:134,startMockTestAttempt
FN:164,listMockTestAttempts
FN:186,updateAttemptProgress
FN:201,submitMockTestAttempt
FN:227,getAttemptById
FNF:12
FNH:7
FNDA:0,getCanonicalIndex
FNDA:0,(anonymous_1)
FNDA:0,listMockTests
FNDA:1,getMockTestById
FNDA:1,getQuestionsForMockTest
FNDA:1,(anonymous_5)
FNDA:0,(anonymous_6)
FNDA:1,startMockTestAttempt
FNDA:0,listMockTestAttempts
FNDA:1,updateAttemptProgress
FNDA:1,submitMockTestAttempt
FNDA:2,getAttemptById
DA:1,1
DA:2,1
DA:4,1
DA:37,0
DA:38,0
DA:39,0
DA:40,0
DA:46,0
DA:47,0
DA:51,1
DA:52,1
DA:53,1
DA:58,1
DA:59,1
DA:61,1
DA:62,0
DA:65,1
DA:68,1
DA:69,1
DA:70,1
DA:73,1
DA:76,1
DA:78,1
DA:103,1
DA:104,1
DA:106,1
DA:107,1
DA:108,0
DA:109,0
DA:110,0
DA:112,0
DA:115,1
DA:116,1
DA:117,1
DA:120,0
DA:125,1
DA:126,0
DA:127,0
DA:128,0
DA:131,1
DA:135,1
DA:136,1
DA:137,0
DA:140,1
DA:141,1
DA:142,0
DA:145,1
DA:146,1
DA:148,1
DA:153,1
DA:161,1
DA:165,0
DA:177,0
DA:178,0
DA:179,0
DA:180,0
DA:182,0
DA:183,0
DA:187,1
DA:192,1
DA:202,1
DA:215,1
DA:228,2
DA:229,2
DA:230,2
DA:233,1
LF:66
LH:42
BRDA:40,0,0,0
BRDA:40,0,1,0
BRDA:53,1,0,1
BRDA:53,1,1,0
BRDA:61,2,0,0
BRDA:61,2,1,1
BRDA:69,3,0,1
BRDA:69,3,1,0
BRDA:70,4,0,1
BRDA:70,4,1,0
BRDA:107,5,0,0
BRDA:107,5,1,1
BRDA:108,6,0,0
BRDA:108,6,1,0
BRDA:109,7,0,0
BRDA:109,7,1,0
BRDA:109,8,0,0
BRDA:109,8,1,0
BRDA:136,9,0,0
BRDA:136,9,1,1
BRDA:141,10,0,0
BRDA:141,10,1,1
BRDA:146,11,0,1
BRDA:146,11,1,0
BRDA:178,12,0,0
BRDA:178,12,1,0
BRDA:195,13,0,0
BRDA:195,13,1,1
BRDA:216,14,0,0
BRDA:216,14,1,1
BRDA:230,15,0,2
BRDA:230,15,1,0
BRF:32
BRH:11
end_of_record
TN:
SF:src\services\questionService.js
FN:6,findByCategory
FN:49,getCanonicalIndex
FN:52,(anonymous_2)
FN:58,listSections
FN:65,(anonymous_4)
FN:83,(anonymous_5)
FN:94,findById
FN:125,submitAnswer
FN:147,createQuestion
FN:157,updateQuestion
FN:167,deleteQuestion
FNF:11
FNH:5
FNDA:0,findByCategory
FNDA:0,getCanonicalIndex
FNDA:0,(anonymous_2)
FNDA:0,listSections
FNDA:0,(anonymous_4)
FNDA:0,(anonymous_5)
FNDA:5,findById
FNDA:1,submitAnswer
FNDA:3,createQuestion
FNDA:1,updateQuestion
FNDA:1,deleteQuestion
DA:1,1
DA:3,1
DA:4,1
DA:7,0
DA:14,0
DA:17,1
DA:50,0
DA:51,0
DA:52,0
DA:53,0
DA:59,0
DA:64,0
DA:65,0
DA:66,0
DA:67,0
DA:68,0
DA:69,0
DA:70,0
DA:71,0
DA:73,0
DA:76,0
DA:83,0
DA:84,0
DA:85,0
DA:86,0
DA:87,0
DA:88,0
DA:91,0
DA:95,5
DA:110,5
DA:111,4
DA:112,4
DA:113,4
DA:114,0
DA:115,0
DA:116,0
DA:118,0
DA:122,4
DA:126,1
DA:137,1
DA:148,3
DA:149,2
DA:153,2
DA:154,2
DA:158,1
DA:163,1
DA:164,1
DA:168,1
DA:169,1
DA:172,1
LF:50
LH:22
BRDA:53,0,0,0
BRDA:53,0,1,0
BRDA:68,1,0,0
BRDA:68,1,1,0
BRDA:70,2,0,0
BRDA:70,2,1,0
BRDA:70,3,0,0
BRDA:70,3,1,0
BRDA:86,4,0,0
BRDA:86,4,1,0
BRDA:87,5,0,0
BRDA:87,5,1,0
BRDA:111,6,0,4
BRDA:111,6,1,0
BRDA:112,7,0,4
BRDA:112,7,1,0
BRDA:113,8,0,0
BRDA:113,8,1,4
BRDA:113,9,0,4
BRDA:113,9,1,1
BRDA:114,10,0,0
BRDA:114,10,1,0
BRDA:115,11,0,0
BRDA:115,11,1,0
BRDA:115,12,0,0
BRDA:115,12,1,0
BRDA:140,13,0,1
BRDA:140,13,1,1
BRDA:141,14,0,1
BRDA:141,14,1,0
BRDA:142,15,0,1
BRDA:142,15,1,0
BRDA:143,16,0,1
BRDA:143,16,1,0
BRDA:148,17,0,0
BRDA:148,17,1,3
BRDA:148,18,0,3
BRDA:148,18,1,0
BRDA:153,19,0,2
BRDA:153,19,1,0
BRDA:153,20,0,2
BRDA:153,20,1,0
BRDA:153,21,0,2
BRDA:153,21,1,2
BRDA:154,22,0,2
BRDA:154,22,1,0
BRDA:154,23,0,2
BRDA:154,23,1,0
BRDA:154,24,0,2
BRDA:154,24,1,2
BRF:50
BRH:20
end_of_record
TN:
SF:src\services\userService.js
FN:5,findByEmail
FN:10,createStudent
FN:19,listStudents
FN:25,(anonymous_3)
FN:46,updateProfile
FNF:5
FNH:5
FNDA:4,findByEmail
FNDA:2,createStudent
FNDA:1,listStudents
FNDA:1,(anonymous_3)
FNDA:1,updateProfile
DA:1,2
DA:3,2
DA:6,4
DA:7,4
DA:11,2
DA:15,2
DA:16,2
DA:20,1
DA:25,1
DA:47,1
DA:52,1
DA:53,1
DA:55,1
DA:57,1
DA:58,1
DA:61,2
LF:16
LH:16
BRDA:7,0,0,4
BRDA:7,0,1,2
BRDA:27,1,0,1
BRDA:27,1,1,0
BRDA:28,2,0,1
BRDA:28,2,1,0
BRDA:29,3,0,1
BRDA:29,3,1,0
BRDA:30,4,0,1
BRDA:30,4,1,0
BRDA:31,5,0,1
BRDA:31,5,1,0
BRDA:32,6,0,1
BRDA:32,6,1,0
BRDA:33,7,0,1
BRDA:33,7,1,0
BRDA:34,8,0,1
BRDA:34,8,1,0
BRDA:35,9,0,1
BRDA:35,9,1,0
BRDA:36,10,0,1
BRDA:36,10,1,0
BRDA:37,11,0,1
BRDA:37,11,1,0
BRDA:38,12,0,1
BRDA:38,12,1,0
BRDA:39,13,0,1
BRDA:39,13,1,0
BRDA:40,14,0,1
BRDA:40,14,1,0
BRDA:41,15,0,1
BRDA:41,15,1,0
BRDA:42,16,0,1
BRDA:42,16,1,0
BRDA:52,17,0,1
BRDA:52,17,1,0
BRDA:53,18,0,0
BRDA:53,18,1,1
BRDA:58,19,0,1
BRDA:58,19,1,0
BRF:40
BRH:21
end_of_record
TN:
SF:src\utils\normalizeQuery.js
FN:2,normalizeQuery
FNF:1
FNH:1
FNDA:20,normalizeQuery
DA:3,20
DA:4,20
DA:6,20
DA:7,20
DA:10,20
DA:11,2
DA:12,18
DA:13,0
DA:14,18
DA:15,3
DA:16,15
DA:17,3
DA:21,20
DA:22,2
DA:23,2
DA:24,18
DA:25,1
DA:26,1
DA:27,17
DA:28,1
DA:29,1
DA:30,16
DA:31,0
DA:32,0
DA:33,16
DA:34,0
DA:35,0
DA:36,16
DA:37,0
DA:38,0
DA:39,16
DA:40,1
DA:41,1
DA:42,15
DA:43,0
DA:44,0
DA:48,15
DA:49,1
DA:50,1
DA:51,14
DA:52,1
DA:53,1
DA:57,13
DA:58,1
DA:59,1
DA:60,12
DA:61,1
DA:62,1
DA:63,11
DA:64,1
DA:65,1
DA:69,10
DA:70,1
DA:71,1
DA:72,9
DA:73,0
DA:74,0
DA:75,9
DA:76,0
DA:77,0
DA:78,9
DA:79,1
DA:80,1
DA:81,8
DA:82,1
DA:83,1
DA:87,7
DA:88,3
DA:89,1
DA:91,2
DA:92,2
DA:94,4
DA:95,2
DA:96,1
DA:98,1
DA:99,1
DA:101,2
DA:102,2
DA:103,1
DA:105,1
DA:106,1
DA:110,20
DA:113,2
LF:83
LH:70
BRDA:3,0,0,20
BRDA:3,0,1,12
BRDA:4,1,0,20
BRDA:4,1,1,0
BRDA:10,2,0,2
BRDA:10,2,1,18
BRDA:10,3,0,20
BRDA:10,3,1,18
BRDA:10,3,2,18
BRDA:12,4,0,0
BRDA:12,4,1,18
BRDA:14,5,0,3
BRDA:14,5,1,15
BRDA:16,6,0,3
BRDA:16,6,1,12
BRDA:21,7,0,2
BRDA:21,7,1,18
BRDA:21,8,0,20
BRDA:21,8,1,19
BRDA:21,8,2,18
BRDA:24,9,0,1
BRDA:24,9,1,17
BRDA:24,10,0,18
BRDA:24,10,1,17
BRDA:27,11,0,1
BRDA:27,11,1,16
BRDA:30,12,0,0
BRDA:30,12,1,16
BRDA:33,13,0,0
BRDA:33,13,1,16
BRDA:36,14,0,0
BRDA:36,14,1,16
BRDA:39,15,0,1
BRDA:39,15,1,15
BRDA:39,16,0,16
BRDA:39,16,1,16
BRDA:42,17,0,0
BRDA:42,17,1,15
BRDA:48,18,0,1
BRDA:48,18,1,14
BRDA:48,19,0,15
BRDA:48,19,1,14
BRDA:51,20,0,1
BRDA:51,20,1,13
BRDA:51,21,0,14
BRDA:51,21,1,14
BRDA:57,22,0,1
BRDA:57,22,1,12
BRDA:57,23,0,13
BRDA:57,23,1,13
BRDA:57,23,2,12
BRDA:60,24,0,1
BRDA:60,24,1,11
BRDA:60,25,0,12
BRDA:60,25,1,12
BRDA:60,25,2,12
BRDA:63,26,0,1
BRDA:63,26,1,10
BRDA:63,27,0,11
BRDA:63,27,1,11
BRDA:63,27,2,11
BRDA:63,27,3,11
BRDA:69,28,0,1
BRDA:69,28,1,9
BRDA:69,29,0,10
BRDA:69,29,1,9
BRDA:72,30,0,0
BRDA:72,30,1,9
BRDA:75,31,0,0
BRDA:75,31,1,9
BRDA:78,32,0,1
BRDA:78,32,1,8
BRDA:78,33,0,9
BRDA:78,33,1,9
BRDA:81,34,0,1
BRDA:81,34,1,7
BRDA:87,35,0,3
BRDA:87,35,1,4
BRDA:87,36,0,7
BRDA:87,36,1,7
BRDA:87,36,2,6
BRDA:87,36,3,6
BRDA:88,37,0,1
BRDA:88,37,1,2
BRDA:94,38,0,2
BRDA:94,38,1,2
BRDA:94,39,0,4
BRDA:94,39,1,4
BRDA:94,39,2,4
BRDA:94,39,3,4
BRDA:94,39,4,4
BRDA:95,40,0,1
BRDA:95,40,1,1
BRDA:101,41,0,2
BRDA:101,41,1,0
BRDA:101,42,0,2
BRDA:101,42,1,2
BRDA:101,42,2,0
BRDA:101,42,3,0
BRDA:102,43,0,1
BRDA:102,43,1,1
BRF:101
BRH:90
end_of_record
